{"/home/travis/build/npmtest/node-npmtest-backbone.marionette/test.js":{"path":"/home/travis/build/npmtest/node-npmtest-backbone.marionette/test.js","s":{"1":2,"2":2,"3":2,"4":2,"5":2,"6":2,"7":2,"8":1,"9":2,"10":2,"11":1,"12":1,"13":1,"14":1,"15":2,"16":2,"17":2,"18":2,"19":1,"20":1,"21":2,"22":2,"23":2,"24":1,"25":1,"26":1,"27":1,"28":1,"29":1,"30":1,"31":1,"32":1,"33":1,"34":1,"35":1,"36":1,"37":1,"38":1,"39":2,"40":2,"41":1,"42":2,"43":2,"44":1,"45":2,"46":2,"47":1,"48":2,"49":2,"50":1,"51":1,"52":1,"53":1,"54":1},"b":{"1":[2,1,1,1],"2":[1,1,1,1],"3":[1,1],"4":[1,1],"5":[1,1],"6":[1,1],"7":[1,1],"8":[1,1],"9":[1,1],"10":[1,1,1],"11":[1,1],"12":[1,1],"13":[1,1],"14":[1,1],"15":[1,1],"16":[1,1],"17":[1,1]},"f":{"1":2,"2":2,"3":2,"4":2,"5":2,"6":1,"7":1,"8":1,"9":2,"10":2,"11":2,"12":2,"13":1},"fnMap":{"1":{"name":"(anonymous_1)","line":12,"loc":{"start":{"line":12,"column":1},"end":{"line":12,"column":13}}},"2":{"name":"(anonymous_2)","line":19,"loc":{"start":{"line":19,"column":5},"end":{"line":19,"column":17}}},"3":{"name":"(anonymous_3)","line":23,"loc":{"start":{"line":23,"column":24},"end":{"line":23,"column":36}}},"4":{"name":"(anonymous_4)","line":61,"loc":{"start":{"line":61,"column":5},"end":{"line":61,"column":17}}},"5":{"name":"(anonymous_5)","line":82,"loc":{"start":{"line":82,"column":5},"end":{"line":82,"column":17}}},"6":{"name":"(anonymous_6)","line":91,"loc":{"start":{"line":91,"column":77},"end":{"line":94,"column":10}}},"7":{"name":"(anonymous_7)","line":112,"loc":{"start":{"line":112,"column":83},"end":{"line":115,"column":10}},"skip":true},"8":{"name":"(anonymous_8)","line":123,"loc":{"start":{"line":123,"column":77},"end":{"line":126,"column":10}},"skip":true},"9":{"name":"(anonymous_9)","line":139,"loc":{"start":{"line":139,"column":12},"end":{"line":139,"column":40}},"skip":true},"10":{"name":"(anonymous_10)","line":147,"loc":{"start":{"line":147,"column":77},"end":{"line":150,"column":10}},"skip":true},"11":{"name":"(anonymous_11)","line":158,"loc":{"start":{"line":158,"column":83},"end":{"line":161,"column":10}},"skip":true},"12":{"name":"(anonymous_12)","line":169,"loc":{"start":{"line":169,"column":79},"end":{"line":172,"column":10}},"skip":true},"13":{"name":"(anonymous_13)","line":180,"loc":{"start":{"line":180,"column":75},"end":{"line":183,"column":10}},"skip":true}},"statementMap":{"1":{"start":{"line":12,"column":0},"end":{"line":195,"column":5}},"2":{"start":{"line":14,"column":4},"end":{"line":14,"column":14}},"3":{"start":{"line":19,"column":4},"end":{"line":56,"column":9}},"4":{"start":{"line":21,"column":8},"end":{"line":21,"column":19}},"5":{"start":{"line":23,"column":8},"end":{"line":35,"column":13}},"6":{"start":{"line":24,"column":12},"end":{"line":34,"column":13}},"7":{"start":{"line":25,"column":16},"end":{"line":28,"column":30}},"8":{"start":{"line":30,"column":16},"end":{"line":33,"column":27}},"9":{"start":{"line":37,"column":8},"end":{"line":39,"column":21}},"10":{"start":{"line":40,"column":8},"end":{"line":53,"column":9}},"11":{"start":{"line":43,"column":12},"end":{"line":46,"column":14}},"12":{"start":{"line":47,"column":12},"end":{"line":47,"column":18}},"13":{"start":{"line":50,"column":12},"end":{"line":51,"column":46}},"14":{"start":{"line":52,"column":12},"end":{"line":52,"column":18}},"15":{"start":{"line":55,"column":8},"end":{"line":55,"column":35}},"16":{"start":{"line":61,"column":4},"end":{"line":63,"column":9}},"17":{"start":{"line":62,"column":8},"end":{"line":62,"column":15}},"18":{"start":{"line":64,"column":4},"end":{"line":77,"column":5}},"19":{"start":{"line":70,"column":8},"end":{"line":70,"column":14}},"20":{"start":{"line":76,"column":8},"end":{"line":76,"column":14}},"21":{"start":{"line":82,"column":4},"end":{"line":84,"column":9}},"22":{"start":{"line":83,"column":8},"end":{"line":83,"column":15}},"23":{"start":{"line":85,"column":4},"end":{"line":194,"column":5}},"24":{"start":{"line":91,"column":8},"end":{"line":99,"column":10}},"25":{"start":{"line":98,"column":12},"end":{"line":98,"column":35}},"26":{"start":{"line":102,"column":8},"end":{"line":104,"column":63}},"27":{"start":{"line":105,"column":8},"end":{"line":105,"column":14}},"28":{"start":{"line":112,"column":8},"end":{"line":121,"column":10},"skip":true},"29":{"start":{"line":119,"column":12},"end":{"line":119,"column":55},"skip":true},"30":{"start":{"line":120,"column":12},"end":{"line":120,"column":48},"skip":true},"31":{"start":{"line":123,"column":8},"end":{"line":136,"column":10},"skip":true},"32":{"start":{"line":130,"column":12},"end":{"line":130,"column":76},"skip":true},"33":{"start":{"line":131,"column":12},"end":{"line":131,"column":73},"skip":true},"34":{"start":{"line":132,"column":12},"end":{"line":132,"column":74},"skip":true},"35":{"start":{"line":133,"column":12},"end":{"line":133,"column":79},"skip":true},"36":{"start":{"line":134,"column":12},"end":{"line":134,"column":25},"skip":true},"37":{"start":{"line":135,"column":12},"end":{"line":135,"column":45},"skip":true},"38":{"start":{"line":138,"column":8},"end":{"line":145,"column":14},"skip":true},"39":{"start":{"line":143,"column":16},"end":{"line":143,"column":29},"skip":true},"40":{"start":{"line":144,"column":16},"end":{"line":144,"column":55},"skip":true},"41":{"start":{"line":147,"column":8},"end":{"line":156,"column":10},"skip":true},"42":{"start":{"line":154,"column":12},"end":{"line":154,"column":25},"skip":true},"43":{"start":{"line":155,"column":12},"end":{"line":155,"column":45},"skip":true},"44":{"start":{"line":158,"column":8},"end":{"line":167,"column":10},"skip":true},"45":{"start":{"line":165,"column":12},"end":{"line":165,"column":25},"skip":true},"46":{"start":{"line":166,"column":12},"end":{"line":166,"column":48},"skip":true},"47":{"start":{"line":169,"column":8},"end":{"line":178,"column":10},"skip":true},"48":{"start":{"line":176,"column":12},"end":{"line":176,"column":25},"skip":true},"49":{"start":{"line":177,"column":12},"end":{"line":177,"column":46},"skip":true},"50":{"start":{"line":180,"column":8},"end":{"line":189,"column":10},"skip":true},"51":{"start":{"line":187,"column":12},"end":{"line":187,"column":94},"skip":true},"52":{"start":{"line":188,"column":12},"end":{"line":188,"column":48},"skip":true},"53":{"start":{"line":192,"column":8},"end":{"line":192,"column":35},"skip":true},"54":{"start":{"line":193,"column":8},"end":{"line":193,"column":14},"skip":true}},"branchMap":{"1":{"line":25,"type":"binary-expr","locations":[{"start":{"line":25,"column":23},"end":{"line":25,"column":62}},{"start":{"line":26,"column":20},"end":{"line":26,"column":70}},{"start":{"line":27,"column":20},"end":{"line":27,"column":71}},{"start":{"line":28,"column":20},"end":{"line":28,"column":29}}]},"2":{"line":30,"type":"binary-expr","locations":[{"start":{"line":30,"column":23},"end":{"line":30,"column":37}},{"start":{"line":31,"column":20},"end":{"line":31,"column":61}},{"start":{"line":32,"column":20},"end":{"line":32,"column":70}},{"start":{"line":33,"column":20},"end":{"line":33,"column":26}}]},"3":{"line":37,"type":"cond-expr","locations":[{"start":{"line":38,"column":14},"end":{"line":38,"column":20}},{"start":{"line":39,"column":14},"end":{"line":39,"column":20}}]},"4":{"line":40,"type":"switch","locations":[{"start":{"line":42,"column":8},"end":{"line":47,"column":18}},{"start":{"line":49,"column":8},"end":{"line":52,"column":18}}]},"5":{"line":44,"type":"binary-expr","locations":[{"start":{"line":44,"column":16},"end":{"line":44,"column":44}},{"start":{"line":44,"column":48},"end":{"line":44,"column":66}}]},"6":{"line":50,"type":"binary-expr","locations":[{"start":{"line":50,"column":21},"end":{"line":50,"column":49}},{"start":{"line":50,"column":53},"end":{"line":50,"column":72}}]},"7":{"line":64,"type":"switch","locations":[{"start":{"line":69,"column":4},"end":{"line":70,"column":14}},{"start":{"line":75,"column":4},"end":{"line":76,"column":14}}]},"8":{"line":85,"type":"switch","locations":[{"start":{"line":90,"column":4},"end":{"line":105,"column":14}},{"start":{"line":111,"column":4},"end":{"line":193,"column":14},"skip":true}]},"9":{"line":91,"type":"binary-expr","locations":[{"start":{"line":91,"column":42},"end":{"line":91,"column":73}},{"start":{"line":91,"column":77},"end":{"line":99,"column":9}}]},"10":{"line":102,"type":"binary-expr","locations":[{"start":{"line":102,"column":18},"end":{"line":102,"column":32}},{"start":{"line":103,"column":12},"end":{"line":103,"column":53}},{"start":{"line":104,"column":12},"end":{"line":104,"column":61}}]},"11":{"line":112,"type":"binary-expr","locations":[{"start":{"line":112,"column":45},"end":{"line":112,"column":79},"skip":true},{"start":{"line":112,"column":83},"end":{"line":121,"column":9},"skip":true}]},"12":{"line":123,"type":"binary-expr","locations":[{"start":{"line":123,"column":42},"end":{"line":123,"column":73},"skip":true},{"start":{"line":123,"column":77},"end":{"line":136,"column":9},"skip":true}]},"13":{"line":138,"type":"binary-expr","locations":[{"start":{"line":138,"column":48},"end":{"line":138,"column":85},"skip":true},{"start":{"line":139,"column":12},"end":{"line":145,"column":13},"skip":true}]},"14":{"line":147,"type":"binary-expr","locations":[{"start":{"line":147,"column":42},"end":{"line":147,"column":73},"skip":true},{"start":{"line":147,"column":77},"end":{"line":156,"column":9},"skip":true}]},"15":{"line":158,"type":"binary-expr","locations":[{"start":{"line":158,"column":45},"end":{"line":158,"column":79},"skip":true},{"start":{"line":158,"column":83},"end":{"line":167,"column":9},"skip":true}]},"16":{"line":169,"type":"binary-expr","locations":[{"start":{"line":169,"column":43},"end":{"line":169,"column":75},"skip":true},{"start":{"line":169,"column":79},"end":{"line":178,"column":9},"skip":true}]},"17":{"line":180,"type":"binary-expr","locations":[{"start":{"line":180,"column":41},"end":{"line":180,"column":71},"skip":true},{"start":{"line":180,"column":75},"end":{"line":189,"column":9},"skip":true}]}},"code":["/* istanbul instrument in package npmtest_backbone_marionette */","/*jslint","    bitwise: true,","    browser: true,","    maxerr: 8,","    maxlen: 96,","    node: true,","    nomen: true,","    regexp: true,","    stupid: true","*/","(function () {","    'use strict';","    var local;","","","","    // run shared js-env code - pre-init","    (function () {","        // init local","        local = {};","        // init modeJs","        local.modeJs = (function () {","            try {","                return typeof navigator.userAgent === 'string' &&","                    typeof document.querySelector('body') === 'object' &&","                    typeof XMLHttpRequest.prototype.open === 'function' &&","                    'browser';","            } catch (errorCaughtBrowser) {","                return module.exports &&","                    typeof process.versions.node === 'string' &&","                    typeof require('http').createServer === 'function' &&","                    'node';","            }","        }());","        // init global","        local.global = local.modeJs === 'browser'","            ? window","            : global;","        switch (local.modeJs) {","        // re-init local from window.local","        case 'browser':","            local = local.global.utility2.objectSetDefault(","                local.global.utility2_rollup || local.global.local,","                local.global.utility2","            );","            break;","        // re-init local from example.js","        case 'node':","            local = (local.global.utility2_rollup || require('utility2'))","                .requireExampleJsFromReadme();","            break;","        }","        // export local","        local.global.local = local;","    }());","","","","    // run shared js-env code - function","    (function () {","        return;","    }());","    switch (local.modeJs) {","","","","    // run browser js-env code - function","    case 'browser':","        break;","","","","    // run node js-env code - function","    case 'node':","        break;","    }","","","","    // run shared js-env code - post-init","    (function () {","        return;","    }());","    switch (local.modeJs) {","","","","    // run browser js-env code - post-init","    case 'browser':","        local.testCase_browser_nullCase = local.testCase_browser_nullCase || function (","            options,","            onError","        ) {","        /*","         * this function will test browsers's null-case handling-behavior-behavior","         */","            onError(null, options);","        };","","        // run tests","        local.nop(local.modeTest &&","            document.querySelector('#testRunButton1') &&","            document.querySelector('#testRunButton1').click());","        break;","","","","    // run node js-env code - post-init","    /* istanbul ignore next */","    case 'node':","        local.testCase_buildApidoc_default = local.testCase_buildApidoc_default || function (","            options,","            onError","        ) {","        /*","         * this function will test buildApidoc's default handling-behavior-behavior","         */","            options = { modulePathList: module.paths };","            local.buildApidoc(options, onError);","        };","","        local.testCase_buildApp_default = local.testCase_buildApp_default || function (","            options,","            onError","        ) {","        /*","         * this function will test buildApp's default handling-behavior-behavior","         */","            local.testCase_buildReadme_default(options, local.onErrorThrow);","            local.testCase_buildLib_default(options, local.onErrorThrow);","            local.testCase_buildTest_default(options, local.onErrorThrow);","            local.testCase_buildCustomOrg_default(options, local.onErrorThrow);","            options = [];","            local.buildApp(options, onError);","        };","","        local.testCase_buildCustomOrg_default = local.testCase_buildCustomOrg_default ||","            function (options, onError) {","            /*","             * this function will test buildCustomOrg's default handling-behavior","             */","                options = {};","                local.buildCustomOrg(options, onError);","            };","","        local.testCase_buildLib_default = local.testCase_buildLib_default || function (","            options,","            onError","        ) {","        /*","         * this function will test buildLib's default handling-behavior","         */","            options = {};","            local.buildLib(options, onError);","        };","","        local.testCase_buildReadme_default = local.testCase_buildReadme_default || function (","            options,","            onError","        ) {","        /*","         * this function will test buildReadme's default handling-behavior-behavior","         */","            options = {};","            local.buildReadme(options, onError);","        };","","        local.testCase_buildTest_default = local.testCase_buildTest_default || function (","            options,","            onError","        ) {","        /*","         * this function will test buildTest's default handling-behavior","         */","            options = {};","            local.buildTest(options, onError);","        };","","        local.testCase_webpage_default = local.testCase_webpage_default || function (","            options,","            onError","        ) {","        /*","         * this function will test webpage's default handling-behavior","         */","            options = { modeCoverageMerge: true, url: local.serverLocalHost + '?modeTest=1' };","            local.browserTest(options, onError);","        };","","        // run test-server","        local.testRunServer(local);","        break;","    }","}());",""],"l":{"12":2,"14":2,"19":2,"21":2,"23":2,"24":2,"25":2,"30":1,"37":2,"40":2,"43":1,"47":1,"50":1,"52":1,"55":2,"61":2,"62":2,"64":2,"70":1,"76":1,"82":2,"83":2,"85":2,"91":1,"98":1,"102":1,"105":1,"112":1,"119":1,"120":1,"123":1,"130":1,"131":1,"132":1,"133":1,"134":1,"135":1,"138":1,"143":2,"144":2,"147":1,"154":2,"155":2,"158":1,"165":2,"166":2,"169":1,"176":2,"177":2,"180":1,"187":1,"188":1,"192":1,"193":1}},"/home/travis/build/npmtest/node-npmtest-backbone.marionette/lib.npmtest_backbone.marionette.js":{"path":"/home/travis/build/npmtest/node-npmtest-backbone.marionette/lib.npmtest_backbone.marionette.js","s":{"1":2,"2":2,"3":2,"4":2,"5":2,"6":2,"7":2,"8":1,"9":2,"10":2,"11":2,"12":2,"13":1,"14":1,"15":1,"16":1},"b":{"1":[2,1,1,1],"2":[1,1,1,1],"3":[1,1],"4":[2,2],"5":[1,1]},"f":{"1":2,"2":2,"3":2},"fnMap":{"1":{"name":"(anonymous_1)","line":12,"loc":{"start":{"line":12,"column":1},"end":{"line":12,"column":13}}},"2":{"name":"(anonymous_2)","line":19,"loc":{"start":{"line":19,"column":5},"end":{"line":19,"column":17}}},"3":{"name":"(anonymous_3)","line":23,"loc":{"start":{"line":23,"column":24},"end":{"line":23,"column":36}}}},"statementMap":{"1":{"start":{"line":12,"column":0},"end":{"line":53,"column":5}},"2":{"start":{"line":14,"column":4},"end":{"line":14,"column":14}},"3":{"start":{"line":19,"column":4},"end":{"line":52,"column":9}},"4":{"start":{"line":21,"column":8},"end":{"line":21,"column":19}},"5":{"start":{"line":23,"column":8},"end":{"line":35,"column":13}},"6":{"start":{"line":24,"column":12},"end":{"line":34,"column":13}},"7":{"start":{"line":25,"column":16},"end":{"line":28,"column":30}},"8":{"start":{"line":30,"column":16},"end":{"line":33,"column":27}},"9":{"start":{"line":37,"column":8},"end":{"line":39,"column":21}},"10":{"start":{"line":41,"column":8},"end":{"line":41,"column":54}},"11":{"start":{"line":43,"column":8},"end":{"line":43,"column":64}},"12":{"start":{"line":45,"column":8},"end":{"line":51,"column":9}},"13":{"start":{"line":46,"column":12},"end":{"line":46,"column":70}},"14":{"start":{"line":48,"column":12},"end":{"line":48,"column":35}},"15":{"start":{"line":49,"column":12},"end":{"line":49,"column":49}},"16":{"start":{"line":50,"column":12},"end":{"line":50,"column":43}}},"branchMap":{"1":{"line":25,"type":"binary-expr","locations":[{"start":{"line":25,"column":23},"end":{"line":25,"column":62}},{"start":{"line":26,"column":20},"end":{"line":26,"column":70}},{"start":{"line":27,"column":20},"end":{"line":27,"column":71}},{"start":{"line":28,"column":20},"end":{"line":28,"column":29}}]},"2":{"line":30,"type":"binary-expr","locations":[{"start":{"line":30,"column":23},"end":{"line":30,"column":37}},{"start":{"line":31,"column":20},"end":{"line":31,"column":61}},{"start":{"line":32,"column":20},"end":{"line":32,"column":70}},{"start":{"line":33,"column":20},"end":{"line":33,"column":26}}]},"3":{"line":37,"type":"cond-expr","locations":[{"start":{"line":38,"column":14},"end":{"line":38,"column":20}},{"start":{"line":39,"column":14},"end":{"line":39,"column":20}}]},"4":{"line":41,"type":"binary-expr","locations":[{"start":{"line":41,"column":16},"end":{"line":41,"column":44}},{"start":{"line":41,"column":48},"end":{"line":41,"column":53}}]},"5":{"line":45,"type":"if","locations":[{"start":{"line":45,"column":8},"end":{"line":45,"column":8}},{"start":{"line":45,"column":8},"end":{"line":45,"column":8}}]}},"code":["/* istanbul instrument in package npmtest_backbone_marionette */","/*jslint","    bitwise: true,","    browser: true,","    maxerr: 8,","    maxlen: 96,","    node: true,","    nomen: true,","    regexp: true,","    stupid: true","*/","(function () {","    'use strict';","    var local;","","","","    // run shared js-env code - pre-init","    (function () {","        // init local","        local = {};","        // init modeJs","        local.modeJs = (function () {","            try {","                return typeof navigator.userAgent === 'string' &&","                    typeof document.querySelector('body') === 'object' &&","                    typeof XMLHttpRequest.prototype.open === 'function' &&","                    'browser';","            } catch (errorCaughtBrowser) {","                return module.exports &&","                    typeof process.versions.node === 'string' &&","                    typeof require('http').createServer === 'function' &&","                    'node';","            }","        }());","        // init global","        local.global = local.modeJs === 'browser'","            ? window","            : global;","        // init utility2_rollup","        local = local.global.utility2_rollup || local;","        // init lib","        local.local = local.npmtest_backbone_marionette = local;","        // init exports","        if (local.modeJs === 'browser') {","            local.global.utility2_npmtest_backbone_marionette = local;","        } else {","            module.exports = local;","            module.exports.__dirname = __dirname;","            module.exports.module = module;","        }","    }());","}());",""],"l":{"12":2,"14":2,"19":2,"21":2,"23":2,"24":2,"25":2,"30":1,"37":2,"41":2,"43":2,"45":2,"46":1,"48":1,"49":1,"50":1}},"/home/travis/build/npmtest/node-npmtest-backbone.marionette/example.js":{"path":"/home/travis/build/npmtest/node-npmtest-backbone.marionette/example.js","s":{"1":2,"2":2,"3":2,"4":2,"5":2,"6":2,"7":2,"8":1,"9":2,"10":2,"11":2,"12":2,"13":1,"14":2,"15":2,"16":2,"17":2,"18":2,"19":0,"20":2,"21":1,"22":1,"23":1,"24":1,"25":1,"26":0,"27":0,"28":1,"29":1,"30":2,"31":0,"32":0,"33":0,"34":1,"35":2,"36":2,"37":3,"38":3,"39":3,"40":3,"41":0,"42":3,"43":3,"44":3,"45":1,"46":3,"47":1,"48":1,"49":1,"50":1,"51":1,"52":1,"53":1,"54":1,"55":1,"56":1,"57":0,"58":1,"59":6,"60":6,"61":1,"62":2,"63":0,"64":2,"65":1,"66":1,"67":0,"68":0,"69":0,"70":0,"71":0,"72":0,"73":0,"74":0,"75":0,"76":0,"77":0,"78":0,"79":0,"80":0,"81":0,"82":0,"83":0},"b":{"1":[2,1,1,1],"2":[1,1,1,1],"3":[1,1],"4":[2,2],"5":[1,1],"6":[1,1],"7":[2,0],"8":[2,1,1,1,1,1],"9":[0,2,0],"10":[1,1],"11":[2,1,1],"12":[1,0],"13":[0,2],"14":[2,0,0,0,0,0,0],"15":[0,3],"16":[3,0],"17":[1,1],"18":[0,1],"19":[1,2,0,2],"20":[1,0],"21":[1,1],"22":[0,0],"23":[0,0],"24":[0,0],"25":[0,0],"26":[0,0],"27":[0,0],"28":[0,0]},"f":{"1":2,"2":2,"3":2,"4":2,"5":2,"6":2,"7":3,"8":3,"9":3,"10":1,"11":6,"12":0},"fnMap":{"1":{"name":"(anonymous_1)","line":26,"loc":{"start":{"line":26,"column":1},"end":{"line":26,"column":13}}},"2":{"name":"(anonymous_2)","line":33,"loc":{"start":{"line":33,"column":5},"end":{"line":33,"column":17}}},"3":{"name":"(anonymous_3)","line":37,"loc":{"start":{"line":37,"column":24},"end":{"line":37,"column":36}}},"4":{"name":"(anonymous_4)","line":69,"loc":{"start":{"line":69,"column":31},"end":{"line":69,"column":48}},"skip":true},"5":{"name":"(anonymous_5)","line":78,"loc":{"start":{"line":78,"column":26},"end":{"line":78,"column":45}},"skip":true},"6":{"name":"(anonymous_6)","line":123,"loc":{"start":{"line":123,"column":33},"end":{"line":123,"column":48}},"skip":true},"7":{"name":"(anonymous_7)","line":125,"loc":{"start":{"line":125,"column":27},"end":{"line":125,"column":39}},"skip":true},"8":{"name":"(anonymous_8)","line":133,"loc":{"start":{"line":133,"column":59},"end":{"line":133,"column":74}},"skip":true},"9":{"name":"(anonymous_9)","line":143,"loc":{"start":{"line":143,"column":45},"end":{"line":143,"column":62}},"skip":true},"10":{"name":"(anonymous_10)","line":144,"loc":{"start":{"line":144,"column":73},"end":{"line":144,"column":92}},"skip":true},"11":{"name":"(anonymous_11)","line":272,"loc":{"start":{"line":272,"column":51},"end":{"line":272,"column":77}},"skip":true},"12":{"name":"(anonymous_12)","line":315,"loc":{"start":{"line":315,"column":32},"end":{"line":315,"column":61}},"skip":true}},"statementMap":{"1":{"start":{"line":26,"column":0},"end":{"line":326,"column":5}},"2":{"start":{"line":28,"column":4},"end":{"line":28,"column":14}},"3":{"start":{"line":33,"column":4},"end":{"line":60,"column":9}},"4":{"start":{"line":35,"column":8},"end":{"line":35,"column":19}},"5":{"start":{"line":37,"column":8},"end":{"line":49,"column":13}},"6":{"start":{"line":38,"column":12},"end":{"line":48,"column":13}},"7":{"start":{"line":39,"column":16},"end":{"line":42,"column":30}},"8":{"start":{"line":44,"column":16},"end":{"line":47,"column":27}},"9":{"start":{"line":51,"column":8},"end":{"line":53,"column":21}},"10":{"start":{"line":55,"column":8},"end":{"line":57,"column":45}},"11":{"start":{"line":59,"column":8},"end":{"line":59,"column":35}},"12":{"start":{"line":61,"column":4},"end":{"line":325,"column":5}},"13":{"start":{"line":69,"column":8},"end":{"line":121,"column":10},"skip":true},"14":{"start":{"line":70,"column":12},"end":{"line":88,"column":13},"skip":true},"15":{"start":{"line":76,"column":16},"end":{"line":87,"column":19},"skip":true},"16":{"start":{"line":79,"column":20},"end":{"line":86,"column":21},"skip":true},"17":{"start":{"line":82,"column":24},"end":{"line":82,"column":43},"skip":true},"18":{"start":{"line":83,"column":24},"end":{"line":83,"column":30},"skip":true},"19":{"start":{"line":85,"column":24},"end":{"line":85,"column":49},"skip":true},"20":{"start":{"line":89,"column":12},"end":{"line":107,"column":13},"skip":true},"21":{"start":{"line":92,"column":16},"end":{"line":102,"column":17},"skip":true},"22":{"start":{"line":93,"column":20},"end":{"line":93,"column":86},"skip":true},"23":{"start":{"line":94,"column":20},"end":{"line":95,"column":45},"skip":true},"24":{"start":{"line":96,"column":20},"end":{"line":96,"column":42},"skip":true},"25":{"start":{"line":97,"column":20},"end":{"line":97,"column":48},"skip":true},"26":{"start":{"line":100,"column":20},"end":{"line":100,"column":85},"skip":true},"27":{"start":{"line":101,"column":20},"end":{"line":101,"column":96},"skip":true},"28":{"start":{"line":103,"column":16},"end":{"line":103,"column":22},"skip":true},"29":{"start":{"line":106,"column":16},"end":{"line":106,"column":22},"skip":true},"30":{"start":{"line":108,"column":12},"end":{"line":120,"column":13},"skip":true},"31":{"start":{"line":114,"column":16},"end":{"line":119,"column":17},"skip":true},"32":{"start":{"line":116,"column":20},"end":{"line":116,"column":78},"skip":true},"33":{"start":{"line":118,"column":20},"end":{"line":118,"column":47},"skip":true},"34":{"start":{"line":123,"column":8},"end":{"line":141,"column":11},"skip":true},"35":{"start":{"line":124,"column":12},"end":{"line":124,"column":54},"skip":true},"36":{"start":{"line":125,"column":12},"end":{"line":140,"column":14},"skip":true},"37":{"start":{"line":126,"column":16},"end":{"line":126,"column":28},"skip":true},"38":{"start":{"line":127,"column":16},"end":{"line":127,"column":69},"skip":true},"39":{"start":{"line":128,"column":16},"end":{"line":128,"column":75},"skip":true},"40":{"start":{"line":129,"column":16},"end":{"line":131,"column":17},"skip":true},"41":{"start":{"line":130,"column":20},"end":{"line":130,"column":27},"skip":true},"42":{"start":{"line":133,"column":16},"end":{"line":137,"column":36},"skip":true},"43":{"start":{"line":134,"column":20},"end":{"line":136,"column":55},"skip":true},"44":{"start":{"line":139,"column":16},"end":{"line":139,"column":57},"skip":true},"45":{"start":{"line":143,"column":8},"end":{"line":147,"column":11},"skip":true},"46":{"start":{"line":144,"column":12},"end":{"line":146,"column":15},"skip":true},"47":{"start":{"line":145,"column":16},"end":{"line":145,"column":70},"skip":true},"48":{"start":{"line":149,"column":8},"end":{"line":149,"column":31},"skip":true},"49":{"start":{"line":150,"column":8},"end":{"line":150,"column":14},"skip":true},"50":{"start":{"line":158,"column":8},"end":{"line":158,"column":31},"skip":true},"51":{"start":{"line":160,"column":8},"end":{"line":160,"column":33},"skip":true},"52":{"start":{"line":161,"column":8},"end":{"line":161,"column":37},"skip":true},"53":{"start":{"line":162,"column":8},"end":{"line":162,"column":35},"skip":true},"54":{"start":{"line":164,"column":8},"end":{"line":164,"column":50},"skip":true},"55":{"start":{"line":166,"column":8},"end":{"line":256,"column":2},"skip":true},"56":{"start":{"line":258,"column":8},"end":{"line":286,"column":9},"skip":true},"57":{"start":{"line":259,"column":12},"end":{"line":269,"column":14},"skip":true},"58":{"start":{"line":271,"column":12},"end":{"line":285,"column":19},"skip":true},"59":{"start":{"line":274,"column":20},"end":{"line":274,"column":35},"skip":true},"60":{"start":{"line":275,"column":20},"end":{"line":284,"column":21},"skip":true},"61":{"start":{"line":277,"column":24},"end":{"line":277,"column":64},"skip":true},"62":{"start":{"line":279,"column":24},"end":{"line":279,"column":40},"skip":true},"63":{"start":{"line":281,"column":24},"end":{"line":281,"column":40},"skip":true},"64":{"start":{"line":283,"column":24},"end":{"line":283,"column":39},"skip":true},"65":{"start":{"line":288,"column":8},"end":{"line":290,"column":9},"skip":true},"66":{"start":{"line":289,"column":12},"end":{"line":289,"column":18},"skip":true},"67":{"start":{"line":291,"column":8},"end":{"line":293,"column":54},"skip":true},"68":{"start":{"line":296,"column":8},"end":{"line":301,"column":37},"skip":true},"69":{"start":{"line":303,"column":8},"end":{"line":303,"column":82},"skip":true},"70":{"start":{"line":306,"column":8},"end":{"line":308,"column":9},"skip":true},"71":{"start":{"line":307,"column":12},"end":{"line":307,"column":82},"skip":true},"72":{"start":{"line":310,"column":8},"end":{"line":312,"column":9},"skip":true},"73":{"start":{"line":311,"column":12},"end":{"line":311,"column":18},"skip":true},"74":{"start":{"line":313,"column":8},"end":{"line":313,"column":54},"skip":true},"75":{"start":{"line":314,"column":8},"end":{"line":314,"column":69},"skip":true},"76":{"start":{"line":315,"column":8},"end":{"line":323,"column":36},"skip":true},"77":{"start":{"line":316,"column":12},"end":{"line":316,"column":61},"skip":true},"78":{"start":{"line":317,"column":12},"end":{"line":320,"column":13},"skip":true},"79":{"start":{"line":318,"column":16},"end":{"line":318,"column":75},"skip":true},"80":{"start":{"line":319,"column":16},"end":{"line":319,"column":23},"skip":true},"81":{"start":{"line":321,"column":12},"end":{"line":321,"column":38},"skip":true},"82":{"start":{"line":322,"column":12},"end":{"line":322,"column":27},"skip":true},"83":{"start":{"line":324,"column":8},"end":{"line":324,"column":14},"skip":true}},"branchMap":{"1":{"line":39,"type":"binary-expr","locations":[{"start":{"line":39,"column":23},"end":{"line":39,"column":62}},{"start":{"line":40,"column":20},"end":{"line":40,"column":70}},{"start":{"line":41,"column":20},"end":{"line":41,"column":71}},{"start":{"line":42,"column":20},"end":{"line":42,"column":29}}]},"2":{"line":44,"type":"binary-expr","locations":[{"start":{"line":44,"column":23},"end":{"line":44,"column":37}},{"start":{"line":45,"column":20},"end":{"line":45,"column":61}},{"start":{"line":46,"column":20},"end":{"line":46,"column":70}},{"start":{"line":47,"column":20},"end":{"line":47,"column":26}}]},"3":{"line":51,"type":"cond-expr","locations":[{"start":{"line":52,"column":14},"end":{"line":52,"column":20}},{"start":{"line":53,"column":14},"end":{"line":53,"column":20}}]},"4":{"line":55,"type":"binary-expr","locations":[{"start":{"line":55,"column":16},"end":{"line":55,"column":44}},{"start":{"line":55,"column":49},"end":{"line":57,"column":43}}]},"5":{"line":55,"type":"cond-expr","locations":[{"start":{"line":56,"column":14},"end":{"line":56,"column":63}},{"start":{"line":57,"column":14},"end":{"line":57,"column":43}}]},"6":{"line":61,"type":"switch","locations":[{"start":{"line":68,"column":4},"end":{"line":150,"column":14},"skip":true},{"start":{"line":156,"column":4},"end":{"line":324,"column":14},"skip":true}]},"7":{"line":70,"type":"if","locations":[{"start":{"line":70,"column":12},"end":{"line":70,"column":12},"skip":true},{"start":{"line":70,"column":12},"end":{"line":70,"column":12},"skip":true}]},"8":{"line":70,"type":"binary-expr","locations":[{"start":{"line":70,"column":16},"end":{"line":70,"column":22},"skip":true},{"start":{"line":70,"column":27},"end":{"line":70,"column":32},"skip":true},{"start":{"line":71,"column":20},"end":{"line":71,"column":39},"skip":true},{"start":{"line":72,"column":20},"end":{"line":72,"column":49},"skip":true},{"start":{"line":73,"column":20},"end":{"line":73,"column":58},"skip":true},{"start":{"line":74,"column":20},"end":{"line":74,"column":69},"skip":true}]},"9":{"line":79,"type":"switch","locations":[{"start":{"line":80,"column":20},"end":{"line":80,"column":33},"skip":true},{"start":{"line":81,"column":20},"end":{"line":83,"column":30},"skip":true},{"start":{"line":84,"column":20},"end":{"line":85,"column":49},"skip":true}]},"10":{"line":89,"type":"switch","locations":[{"start":{"line":90,"column":12},"end":{"line":103,"column":22},"skip":true},{"start":{"line":105,"column":12},"end":{"line":106,"column":22},"skip":true}]},"11":{"line":89,"type":"binary-expr","locations":[{"start":{"line":89,"column":20},"end":{"line":89,"column":25},"skip":true},{"start":{"line":89,"column":29},"end":{"line":89,"column":48},"skip":true},{"start":{"line":89,"column":52},"end":{"line":89,"column":74},"skip":true}]},"12":{"line":92,"type":"if","locations":[{"start":{"line":92,"column":16},"end":{"line":92,"column":16},"skip":true},{"start":{"line":92,"column":16},"end":{"line":92,"column":16},"skip":true}]},"13":{"line":108,"type":"if","locations":[{"start":{"line":108,"column":12},"end":{"line":108,"column":12},"skip":true},{"start":{"line":108,"column":12},"end":{"line":108,"column":12},"skip":true}]},"14":{"line":108,"type":"binary-expr","locations":[{"start":{"line":108,"column":16},"end":{"line":108,"column":61},"skip":true},{"start":{"line":108,"column":66},"end":{"line":108,"column":72},"skip":true},{"start":{"line":108,"column":77},"end":{"line":108,"column":82},"skip":true},{"start":{"line":109,"column":20},"end":{"line":109,"column":39},"skip":true},{"start":{"line":110,"column":20},"end":{"line":110,"column":49},"skip":true},{"start":{"line":111,"column":20},"end":{"line":111,"column":58},"skip":true},{"start":{"line":112,"column":20},"end":{"line":112,"column":68},"skip":true}]},"15":{"line":129,"type":"if","locations":[{"start":{"line":129,"column":16},"end":{"line":129,"column":16},"skip":true},{"start":{"line":129,"column":16},"end":{"line":129,"column":16},"skip":true}]},"16":{"line":134,"type":"cond-expr","locations":[{"start":{"line":135,"column":26},"end":{"line":135,"column":29},"skip":true},{"start":{"line":136,"column":26},"end":{"line":136,"column":54},"skip":true}]},"17":{"line":164,"type":"binary-expr","locations":[{"start":{"line":164,"column":27},"end":{"line":164,"column":43},"skip":true},{"start":{"line":164,"column":47},"end":{"line":164,"column":49},"skip":true}]},"18":{"line":258,"type":"if","locations":[{"start":{"line":258,"column":8},"end":{"line":258,"column":8},"skip":true},{"start":{"line":258,"column":8},"end":{"line":258,"column":8},"skip":true}]},"19":{"line":275,"type":"switch","locations":[{"start":{"line":276,"column":20},"end":{"line":277,"column":64},"skip":true},{"start":{"line":278,"column":20},"end":{"line":279,"column":40},"skip":true},{"start":{"line":280,"column":20},"end":{"line":281,"column":40},"skip":true},{"start":{"line":282,"column":20},"end":{"line":283,"column":39},"skip":true}]},"20":{"line":288,"type":"if","locations":[{"start":{"line":288,"column":8},"end":{"line":288,"column":8},"skip":true},{"start":{"line":288,"column":8},"end":{"line":288,"column":8},"skip":true}]},"21":{"line":288,"type":"binary-expr","locations":[{"start":{"line":288,"column":12},"end":{"line":288,"column":40},"skip":true},{"start":{"line":288,"column":44},"end":{"line":288,"column":67},"skip":true}]},"22":{"line":292,"type":"binary-expr","locations":[{"start":{"line":292,"column":12},"end":{"line":292,"column":50},"skip":true},{"start":{"line":293,"column":12},"end":{"line":293,"column":53},"skip":true}]},"23":{"line":297,"type":"binary-expr","locations":[{"start":{"line":297,"column":12},"end":{"line":297,"column":77},"skip":true},{"start":{"line":298,"column":12},"end":{"line":301,"column":36},"skip":true}]},"24":{"line":303,"type":"binary-expr","locations":[{"start":{"line":303,"column":43},"end":{"line":303,"column":75},"skip":true},{"start":{"line":303,"column":79},"end":{"line":303,"column":81},"skip":true}]},"25":{"line":306,"type":"if","locations":[{"start":{"line":306,"column":8},"end":{"line":306,"column":8},"skip":true},{"start":{"line":306,"column":8},"end":{"line":306,"column":8},"skip":true}]},"26":{"line":310,"type":"if","locations":[{"start":{"line":310,"column":8},"end":{"line":310,"column":8},"skip":true},{"start":{"line":310,"column":8},"end":{"line":310,"column":8},"skip":true}]},"27":{"line":313,"type":"binary-expr","locations":[{"start":{"line":313,"column":27},"end":{"line":313,"column":43},"skip":true},{"start":{"line":313,"column":47},"end":{"line":313,"column":53},"skip":true}]},"28":{"line":317,"type":"if","locations":[{"start":{"line":317,"column":12},"end":{"line":317,"column":12},"skip":true},{"start":{"line":317,"column":12},"end":{"line":317,"column":12},"skip":true}]}},"code":["/*","example.js","","quickstart example","","instruction","    1. save this script as example.js","    2. run the shell command:","        $ npm install npmtest-backbone.marionette && PORT=8081 node example.js","    3. play with the browser-demo on http://127.0.0.1:8081","*/","","","","/* istanbul instrument in package npmtest_backbone_marionette */","/*jslint","    bitwise: true,","    browser: true,","    maxerr: 8,","    maxlen: 96,","    node: true,","    nomen: true,","    regexp: true,","    stupid: true","*/","(function () {","    'use strict';","    var local;","","","","    // run shared js-env code - pre-init","    (function () {","        // init local","        local = {};","        // init modeJs","        local.modeJs = (function () {","            try {","                return typeof navigator.userAgent === 'string' &&","                    typeof document.querySelector('body') === 'object' &&","                    typeof XMLHttpRequest.prototype.open === 'function' &&","                    'browser';","            } catch (errorCaughtBrowser) {","                return module.exports &&","                    typeof process.versions.node === 'string' &&","                    typeof require('http').createServer === 'function' &&","                    'node';","            }","        }());","        // init global","        local.global = local.modeJs === 'browser'","            ? window","            : global;","        // init utility2_rollup","        local = local.global.utility2_rollup || (local.modeJs === 'browser'","            ? local.global.utility2_npmtest_backbone_marionette","            : global.utility2_moduleExports);","        // export local","        local.global.local = local;","    }());","    switch (local.modeJs) {","","","","    // post-init","    // run browser js-env code - post-init","    /* istanbul ignore next */","    case 'browser':","        local.testRunBrowser = function (event) {","            if (!event || (event &&","                    event.currentTarget &&","                    event.currentTarget.className &&","                    event.currentTarget.className.includes &&","                    event.currentTarget.className.includes('onreset'))) {","                // reset output","                Array.from(","                    document.querySelectorAll('body > .resettable')","                ).forEach(function (element) {","                    switch (element.tagName) {","                    case 'INPUT':","                    case 'TEXTAREA':","                        element.value = '';","                        break;","                    default:","                        element.textContent = '';","                    }","                });","            }","            switch (event && event.currentTarget && event.currentTarget.id) {","            case 'testRunButton1':","                // show tests","                if (document.querySelector('#testReportDiv1').style.display === 'none') {","                    document.querySelector('#testReportDiv1').style.display = 'block';","                    document.querySelector('#testRunButton1').textContent =","                        'hide internal test';","                    local.modeTest = true;","                    local.testRunDefault(local);","                // hide tests","                } else {","                    document.querySelector('#testReportDiv1').style.display = 'none';","                    document.querySelector('#testRunButton1').textContent = 'run internal test';","                }","                break;","            // custom-case","            default:","                break;","            }","            if (document.querySelector('#inputTextareaEval1') && (!event || (event &&","                    event.currentTarget &&","                    event.currentTarget.className &&","                    event.currentTarget.className.includes &&","                    event.currentTarget.className.includes('oneval')))) {","                // try to eval input-code","                try {","                    /*jslint evil: true*/","                    eval(document.querySelector('#inputTextareaEval1').value);","                } catch (errorCaught) {","                    console.error(errorCaught);","                }","            }","        };","        // log stderr and stdout to #outputTextareaStdout1","        ['error', 'log'].forEach(function (key) {","            console[key + '_original'] = console[key];","            console[key] = function () {","                var element;","                console[key + '_original'].apply(console, arguments);","                element = document.querySelector('#outputTextareaStdout1');","                if (!element) {","                    return;","                }","                // append text to #outputTextareaStdout1","                element.value += Array.from(arguments).map(function (arg) {","                    return typeof arg === 'string'","                        ? arg","                        : JSON.stringify(arg, null, 4);","                }).join(' ') + '\\n';","                // scroll textarea to bottom","                element.scrollTop = element.scrollHeight;","            };","        });","        // init event-handling","        ['change', 'click', 'keyup'].forEach(function (event) {","            Array.from(document.querySelectorAll('.on' + event)).forEach(function (element) {","                element.addEventListener(event, local.testRunBrowser);","            });","        });","        // run tests","        local.testRunBrowser();","        break;","","","","    // run node js-env code - post-init","    /* istanbul ignore next */","    case 'node':","        // export local","        module.exports = local;","        // require modules","        local.fs = require('fs');","        local.http = require('http');","        local.url = require('url');","        // init assets","        local.assetsDict = local.assetsDict || {};","        /* jslint-ignore-begin */","        local.assetsDict['/assets.index.template.html'] = '\\","<!doctype html>\\n\\","<html lang=\"en\">\\n\\","<head>\\n\\","<meta charset=\"UTF-8\">\\n\\","<meta name=\"viewport\" content=\"width=device-width, initial-scale=1\">\\n\\","<title>{{env.npm_package_name}} (v{{env.npm_package_version}})</title>\\n\\","<style>\\n\\","/*csslint\\n\\","    box-sizing: false,\\n\\","    universal-selector: false\\n\\","*/\\n\\","* {\\n\\","    box-sizing: border-box;\\n\\","}\\n\\","body {\\n\\","    background: #dde;\\n\\","    font-family: Arial, Helvetica, sans-serif;\\n\\","    margin: 2rem;\\n\\","}\\n\\","body > * {\\n\\","    margin-bottom: 1rem;\\n\\","}\\n\\",".utility2FooterDiv {\\n\\","    margin-top: 20px;\\n\\","    text-align: center;\\n\\","}\\n\\","</style>\\n\\","<style>\\n\\","/*csslint\\n\\","*/\\n\\","textarea {\\n\\","    font-family: monospace;\\n\\","    height: 10rem;\\n\\","    width: 100%;\\n\\","}\\n\\","textarea[readonly] {\\n\\","    background: #ddd;\\n\\","}\\n\\","</style>\\n\\","</head>\\n\\","<body>\\n\\","<!-- utility2-comment\\n\\","<div id=\"ajaxProgressDiv1\" style=\"background: #d00; height: 2px; left: 0; margin: 0; padding: 0; position: fixed; top: 0; transition: background 0.5s, width 1.5s; width: 25%;\"></div>\\n\\","utility2-comment -->\\n\\","<h1>\\n\\","<!-- utility2-comment\\n\\","    <a\\n\\","        {{#if env.npm_package_homepage}}\\n\\","        href=\"{{env.npm_package_homepage}}\"\\n\\","        {{/if env.npm_package_homepage}}\\n\\","        target=\"_blank\"\\n\\","    >\\n\\","utility2-comment -->\\n\\","        {{env.npm_package_name}} (v{{env.npm_package_version}})\\n\\","<!-- utility2-comment\\n\\","    </a>\\n\\","utility2-comment -->\\n\\","</h1>\\n\\","<h3>{{env.npm_package_description}}</h3>\\n\\","<!-- utility2-comment\\n\\","<h4><a download href=\"assets.app.js\">download standalone app</a></h4>\\n\\","<button class=\"onclick onreset\" id=\"testRunButton1\">run internal test</button><br>\\n\\","<div id=\"testReportDiv1\" style=\"display: none;\"></div>\\n\\","utility2-comment -->\\n\\","\\n\\","\\n\\","\\n\\","<label>stderr and stdout</label>\\n\\","<textarea class=\"resettable\" id=\"outputTextareaStdout1\" readonly></textarea>\\n\\","<!-- utility2-comment\\n\\","{{#if isRollup}}\\n\\","<script src=\"assets.app.js\"></script>\\n\\","{{#unless isRollup}}\\n\\","utility2-comment -->\\n\\","<script src=\"assets.utility2.rollup.js\"></script>\\n\\","<script src=\"jsonp.utility2._stateInit?callback=window.utility2._stateInit\"></script>\\n\\","<script src=\"assets.npmtest_backbone_marionette.rollup.js\"></script>\\n\\","<script src=\"assets.example.js\"></script>\\n\\","<script src=\"assets.test.js\"></script>\\n\\","<!-- utility2-comment\\n\\","{{/if isRollup}}\\n\\","utility2-comment -->\\n\\","<div class=\"utility2FooterDiv\">\\n\\","    [ this app was created with\\n\\","    <a href=\"https://github.com/kaizhu256/node-utility2\" target=\"_blank\">utility2</a>\\n\\","    ]\\n\\","</div>\\n\\","</body>\\n\\","</html>\\n\\","';","        /* jslint-ignore-end */","        if (local.templateRender) {","            local.assetsDict['/'] = local.templateRender(","                local.assetsDict['/assets.index.template.html'],","                {","                    env: local.objectSetDefault(local.env, {","                        npm_package_description: 'the greatest app in the world!',","                        npm_package_name: 'my-app',","                        npm_package_nameAlias: 'my_app',","                        npm_package_version: '0.0.1'","                    })","                }","            );","        } else {","            local.assetsDict['/'] = local.assetsDict['/assets.index.template.html']","                .replace((/\\{\\{env\\.(\\w+?)\\}\\}/g), function (match0, match1) {","                    // jslint-hack","                    String(match0);","                    switch (match1) {","                    case 'npm_package_description':","                        return 'the greatest app in the world!';","                    case 'npm_package_name':","                        return 'my-app';","                    case 'npm_package_nameAlias':","                        return 'my_app';","                    case 'npm_package_version':","                        return '0.0.1';","                    }","                });","        }","        // run the cli","        if (local.global.utility2_rollup || module !== require.main) {","            break;","        }","        local.assetsDict['/assets.example.js'] =","            local.assetsDict['/assets.example.js'] ||","            local.fs.readFileSync(__filename, 'utf8');","        // bug-workaround - long $npm_package_buildCustomOrg","        /* jslint-ignore-begin */","        local.assetsDict['/assets.npmtest_backbone_marionette.rollup.js'] =","            local.assetsDict['/assets.npmtest_backbone_marionette.rollup.js'] ||","            local.fs.readFileSync(","                local.npmtest_backbone_marionette.__dirname + '/lib.npmtest_backbone_marionette.js',","                'utf8'","            ).replace((/^#!/), '//');","        /* jslint-ignore-end */","        local.assetsDict['/favicon.ico'] = local.assetsDict['/favicon.ico'] || '';","        // if $npm_config_timeout_exit exists,","        // then exit this process after $npm_config_timeout_exit ms","        if (Number(process.env.npm_config_timeout_exit)) {","            setTimeout(process.exit, Number(process.env.npm_config_timeout_exit));","        }","        // start server","        if (local.global.utility2_serverHttp1) {","            break;","        }","        process.env.PORT = process.env.PORT || '8081';","        console.error('server starting on port ' + process.env.PORT);","        local.http.createServer(function (request, response) {","            request.urlParsed = local.url.parse(request.url);","            if (local.assetsDict[request.urlParsed.pathname] !== undefined) {","                response.end(local.assetsDict[request.urlParsed.pathname]);","                return;","            }","            response.statusCode = 404;","            response.end();","        }).listen(process.env.PORT);","        break;","    }","}());",""],"l":{"26":2,"28":2,"33":2,"35":2,"37":2,"38":2,"39":2,"44":1,"51":2,"55":2,"59":2,"61":2,"69":1,"70":2,"76":2,"79":2,"82":2,"83":2,"85":1,"89":2,"92":1,"93":1,"94":1,"96":1,"97":1,"100":1,"101":1,"103":1,"106":1,"108":2,"114":1,"116":1,"118":1,"123":1,"124":2,"125":2,"126":3,"127":3,"128":3,"129":3,"130":1,"133":3,"134":3,"139":3,"143":1,"144":3,"145":1,"149":1,"150":1,"158":1,"160":1,"161":1,"162":1,"164":1,"166":1,"258":1,"259":1,"271":1,"274":6,"275":6,"277":1,"279":2,"281":1,"283":2,"288":1,"289":1,"291":1,"296":1,"303":1,"306":1,"307":1,"310":1,"311":1,"313":1,"314":1,"315":1,"316":1,"317":1,"318":1,"319":1,"321":1,"322":1,"324":1}},"/home/travis/build/npmtest/node-npmtest-backbone.marionette/node_modules/backbone.marionette/lib/backbone.marionette.js":{"path":"/home/travis/build/npmtest/node-npmtest-backbone.marionette/node_modules/backbone.marionette/lib/backbone.marionette.js","s":{"1":1,"2":1,"3":1,"4":1,"5":1,"6":1,"7":1,"8":8,"9":0,"10":0,"11":0,"12":1,"13":1,"14":0,"15":0,"16":0,"17":0,"18":0,"19":0,"20":0,"21":1,"22":1,"23":0,"24":0,"25":1,"26":1,"27":0,"28":1,"29":0,"30":0,"31":0,"32":0,"33":0,"34":0,"35":0,"36":1,"37":0,"38":0,"39":0,"40":0,"41":0,"42":1,"43":0,"44":0,"45":0,"46":0,"47":0,"48":0,"49":0,"50":1,"51":1,"52":0,"53":1,"54":0,"55":1,"56":0,"57":0,"58":0,"59":0,"60":0,"61":0,"62":0,"63":0,"64":0,"65":1,"66":0,"67":0,"68":0,"69":0,"70":0,"71":1,"72":0,"73":0,"74":0,"75":0,"76":0,"77":0,"78":1,"79":0,"80":1,"81":0,"82":0,"83":0,"84":0,"85":1,"86":0,"87":1,"88":0,"89":0,"90":0,"91":0,"92":1,"93":0,"94":0,"95":1,"96":0,"97":1,"98":0,"99":0,"100":1,"101":0,"102":1,"103":0,"104":1,"105":0,"106":1,"107":0,"108":0,"109":0,"110":0,"111":1,"112":1,"113":0,"114":0,"115":0,"116":0,"117":0,"118":0,"119":0,"120":0,"121":0,"122":0,"123":0,"124":0,"125":0,"126":1,"127":1,"128":0,"129":0,"130":0,"131":0,"132":0,"133":0,"134":1,"135":0,"136":0,"137":0,"138":0,"139":0,"140":0,"141":0,"142":0,"143":0,"144":1,"145":0,"146":0,"147":1,"148":0,"149":0,"150":1,"151":0,"152":0,"153":0,"154":0,"155":0,"156":0,"157":1,"158":0,"159":0,"160":1,"161":0,"162":0,"163":1,"164":0,"165":0,"166":0,"167":1,"168":1,"169":0,"170":0,"171":0,"172":0,"173":0,"174":0,"175":0,"176":0,"177":0,"178":0,"179":0,"180":0,"181":0,"182":1,"183":1,"184":0,"185":0,"186":0,"187":0,"188":0,"189":1,"190":1,"191":0,"192":0,"193":0,"194":0,"195":0,"196":0,"197":0,"198":0,"199":0,"200":0,"201":1,"202":0,"203":0,"204":0,"205":0,"206":0,"207":0,"208":0,"209":0,"210":0,"211":0,"212":0,"213":0,"214":0,"215":1,"216":0,"217":1,"218":0,"219":0,"220":0,"221":0,"222":0,"223":0,"224":0,"225":0,"226":0,"227":0,"228":0,"229":0,"230":0,"231":1,"232":0,"233":0,"234":0,"235":0,"236":0,"237":0,"238":0,"239":0,"240":0,"241":0,"242":1,"243":1,"244":0,"245":0,"246":0,"247":0,"248":0,"249":1,"250":0,"251":0,"252":0,"253":0,"254":0,"255":0,"256":0,"257":1,"258":0,"259":0,"260":0,"261":0,"262":0,"263":0,"264":1,"265":0,"266":0,"267":0,"268":0,"269":0,"270":0,"271":0,"272":0,"273":0,"274":0,"275":0,"276":0,"277":0,"278":0,"279":0,"280":0,"281":1,"282":0,"283":0,"284":0,"285":0,"286":0,"287":0,"288":0,"289":0,"290":0,"291":1,"292":1,"293":0,"294":1,"295":0,"296":0,"297":1,"298":1,"299":0,"300":1,"301":0,"302":1,"303":0,"304":0,"305":0,"306":0,"307":0,"308":0,"309":0,"310":0,"311":0,"312":0,"313":0,"314":0,"315":0,"316":0,"317":0,"318":1,"319":0,"320":0,"321":0,"322":0,"323":1,"324":0,"325":0,"326":0,"327":0,"328":1,"329":0,"330":0,"331":1,"332":0,"333":0,"334":0,"335":0,"336":0,"337":0,"338":0,"339":0,"340":0,"341":0,"342":1,"343":0,"344":0,"345":0,"346":0,"347":0,"348":0,"349":0,"350":0,"351":0,"352":0,"353":0,"354":0,"355":0,"356":0,"357":0,"358":0,"359":0,"360":0,"361":0,"362":0,"363":0,"364":0,"365":0,"366":0,"367":0,"368":0,"369":0,"370":0,"371":1,"372":0,"373":0,"374":0,"375":0,"376":0,"377":0,"378":0,"379":0,"380":0,"381":0,"382":0,"383":0,"384":0,"385":0,"386":0,"387":0,"388":0,"389":0,"390":0,"391":0,"392":0,"393":0,"394":0,"395":0,"396":0,"397":0,"398":0,"399":0,"400":0,"401":0,"402":0,"403":0,"404":0,"405":0,"406":0,"407":0,"408":0,"409":0,"410":0,"411":0,"412":0,"413":0,"414":0,"415":0,"416":0,"417":0,"418":0,"419":0,"420":0,"421":0,"422":0,"423":0,"424":0,"425":0,"426":0,"427":0,"428":0,"429":0,"430":0,"431":0,"432":0,"433":0,"434":0,"435":0,"436":0,"437":0,"438":0,"439":0,"440":0,"441":0,"442":1,"443":1,"444":0,"445":0,"446":0,"447":0,"448":0,"449":0,"450":0,"451":0,"452":0,"453":0,"454":0,"455":0,"456":1,"457":1,"458":0,"459":0,"460":0,"461":0,"462":0,"463":0,"464":0,"465":0,"466":0,"467":0,"468":0,"469":0,"470":0,"471":0,"472":0,"473":0,"474":0,"475":0,"476":0,"477":0,"478":0,"479":0,"480":0,"481":0,"482":0,"483":0,"484":0,"485":0,"486":0,"487":0,"488":0,"489":0,"490":0,"491":0,"492":0,"493":0,"494":0,"495":0,"496":0,"497":0,"498":0,"499":0,"500":0,"501":0,"502":0,"503":0,"504":0,"505":0,"506":0,"507":0,"508":0,"509":0,"510":0,"511":0,"512":0,"513":0,"514":0,"515":0,"516":0,"517":0,"518":0,"519":0,"520":0,"521":0,"522":0,"523":0,"524":0,"525":0,"526":0,"527":0,"528":0,"529":0,"530":0,"531":0,"532":0,"533":0,"534":0,"535":0,"536":0,"537":0,"538":0,"539":0,"540":0,"541":0,"542":0,"543":0,"544":0,"545":0,"546":0,"547":0,"548":0,"549":0,"550":0,"551":0,"552":0,"553":0,"554":0,"555":0,"556":0,"557":0,"558":0,"559":0,"560":0,"561":0,"562":0,"563":0,"564":0,"565":0,"566":0,"567":0,"568":0,"569":0,"570":0,"571":0,"572":0,"573":0,"574":0,"575":0,"576":0,"577":0,"578":0,"579":0,"580":0,"581":0,"582":0,"583":0,"584":0,"585":0,"586":0,"587":0,"588":0,"589":0,"590":0,"591":0,"592":0,"593":0,"594":0,"595":1,"596":1,"597":0,"598":0,"599":0,"600":1,"601":0,"602":0,"603":0,"604":0,"605":0,"606":0,"607":0,"608":0,"609":0,"610":0,"611":0,"612":0,"613":0,"614":1,"615":0,"616":0,"617":0,"618":1,"619":0,"620":0,"621":0,"622":0,"623":0,"624":0,"625":0,"626":0,"627":0,"628":0,"629":0,"630":0,"631":0,"632":0,"633":0,"634":0,"635":0,"636":0,"637":0,"638":0,"639":0,"640":0,"641":0,"642":0,"643":0,"644":0,"645":0,"646":0,"647":0,"648":0,"649":0,"650":0,"651":0,"652":0,"653":0,"654":0,"655":0,"656":0,"657":0,"658":0,"659":0,"660":0,"661":0,"662":0,"663":0,"664":1,"665":0,"666":0,"667":0,"668":0,"669":1,"670":1,"671":0,"672":0,"673":0,"674":0,"675":0,"676":0,"677":0,"678":0,"679":0,"680":0,"681":0,"682":0,"683":0,"684":0,"685":0,"686":0,"687":0,"688":0,"689":0,"690":0,"691":0,"692":0,"693":0,"694":0,"695":0,"696":0,"697":0,"698":0,"699":0,"700":0,"701":0,"702":0,"703":0,"704":0,"705":0,"706":0,"707":0,"708":0,"709":0,"710":0,"711":0,"712":0,"713":0,"714":0,"715":0,"716":0,"717":0,"718":0,"719":0,"720":0,"721":0,"722":0,"723":0,"724":0,"725":1,"726":1,"727":1,"728":1,"729":24,"730":0,"731":0,"732":0,"733":1,"734":0,"735":0,"736":0,"737":0,"738":0,"739":1,"740":1,"741":0,"742":0,"743":0,"744":0,"745":0,"746":0,"747":0,"748":0,"749":0,"750":0,"751":0,"752":0,"753":0,"754":0,"755":0,"756":0,"757":0,"758":0,"759":0,"760":0,"761":0,"762":0,"763":0,"764":0,"765":0,"766":0,"767":0,"768":1,"769":1,"770":0,"771":0,"772":0,"773":0,"774":0,"775":0,"776":0,"777":0,"778":0,"779":0,"780":0,"781":0,"782":0,"783":0,"784":0,"785":0,"786":0,"787":0,"788":0,"789":0,"790":0,"791":0,"792":0,"793":0,"794":0,"795":0,"796":0,"797":0,"798":0,"799":0,"800":0,"801":0,"802":0,"803":0,"804":0,"805":0,"806":0,"807":0,"808":0,"809":0,"810":0,"811":0,"812":0,"813":0,"814":0,"815":0,"816":0,"817":0,"818":0,"819":0,"820":0,"821":0,"822":0,"823":0,"824":0,"825":0,"826":0,"827":0,"828":0,"829":0,"830":0,"831":0,"832":0,"833":0,"834":0,"835":0,"836":0,"837":0,"838":0,"839":0,"840":0,"841":0,"842":0,"843":0,"844":0,"845":0,"846":0,"847":0,"848":0,"849":0,"850":0,"851":0,"852":0,"853":0,"854":0,"855":0,"856":0,"857":0,"858":0,"859":0,"860":0,"861":0,"862":0,"863":0,"864":0,"865":0,"866":0,"867":0,"868":0,"869":0,"870":0,"871":0,"872":0,"873":0,"874":0,"875":0,"876":0,"877":0,"878":0,"879":0,"880":0,"881":0,"882":0,"883":0,"884":0,"885":0,"886":0,"887":0,"888":0,"889":0,"890":0,"891":0,"892":0,"893":0,"894":0,"895":0,"896":0,"897":0,"898":0,"899":0,"900":0,"901":0,"902":0,"903":0,"904":0,"905":0,"906":0,"907":0,"908":0,"909":0,"910":0,"911":0,"912":0,"913":0,"914":0,"915":0,"916":0,"917":0,"918":0,"919":0,"920":0,"921":0,"922":0,"923":0,"924":0,"925":0,"926":0,"927":0,"928":0,"929":0,"930":0,"931":0,"932":0,"933":0,"934":0,"935":0,"936":0,"937":0,"938":0,"939":0,"940":0,"941":0,"942":0,"943":0,"944":0,"945":0,"946":0,"947":0,"948":0,"949":0,"950":0,"951":0,"952":0,"953":0,"954":0,"955":0,"956":0,"957":0,"958":0,"959":0,"960":0,"961":0,"962":0,"963":0,"964":0,"965":0,"966":0,"967":0,"968":0,"969":0,"970":0,"971":0,"972":0,"973":0,"974":0,"975":0,"976":0,"977":0,"978":0,"979":0,"980":0,"981":0,"982":0,"983":0,"984":0,"985":0,"986":0,"987":0,"988":0,"989":0,"990":0,"991":0,"992":0,"993":0,"994":0,"995":0,"996":0,"997":0,"998":0,"999":0,"1000":0,"1001":0,"1002":0,"1003":0,"1004":0,"1005":0,"1006":0,"1007":0,"1008":0,"1009":0,"1010":0,"1011":0,"1012":0,"1013":0,"1014":0,"1015":0,"1016":0,"1017":0,"1018":0,"1019":0,"1020":0,"1021":0,"1022":0,"1023":0,"1024":0,"1025":0,"1026":0,"1027":0,"1028":0,"1029":0,"1030":0,"1031":0,"1032":0,"1033":0,"1034":0,"1035":0,"1036":0,"1037":0,"1038":0,"1039":0,"1040":0,"1041":0,"1042":0,"1043":0,"1044":0,"1045":0,"1046":0,"1047":0,"1048":0,"1049":0,"1050":0,"1051":0,"1052":0,"1053":0,"1054":0,"1055":0,"1056":0,"1057":0,"1058":0,"1059":0,"1060":0,"1061":0,"1062":0,"1063":0,"1064":0,"1065":1,"1066":1,"1067":1,"1068":0,"1069":0,"1070":0,"1071":0,"1072":0,"1073":0,"1074":0,"1075":0,"1076":0,"1077":0,"1078":0,"1079":0,"1080":0,"1081":0,"1082":0,"1083":0,"1084":0,"1085":0,"1086":0,"1087":0,"1088":0,"1089":0,"1090":0,"1091":0,"1092":0,"1093":0,"1094":0,"1095":0,"1096":0,"1097":0,"1098":0,"1099":0,"1100":0,"1101":0,"1102":0,"1103":0,"1104":0,"1105":0,"1106":0,"1107":0,"1108":0,"1109":0,"1110":0,"1111":0,"1112":0,"1113":0,"1114":0,"1115":0,"1116":0,"1117":0,"1118":0,"1119":0,"1120":0,"1121":1,"1122":1,"1123":1,"1124":1,"1125":0,"1126":0,"1127":0,"1128":0,"1129":0,"1130":0,"1131":0,"1132":0,"1133":0,"1134":0,"1135":0,"1136":0,"1137":0,"1138":0,"1139":0,"1140":0,"1141":0,"1142":0,"1143":0,"1144":0,"1145":0,"1146":0,"1147":0,"1148":0,"1149":0,"1150":0,"1151":0,"1152":0,"1153":0,"1154":0,"1155":0,"1156":0,"1157":0,"1158":0,"1159":0,"1160":1,"1161":1,"1162":1,"1163":0,"1164":0,"1165":0,"1166":0,"1167":0,"1168":0,"1169":0,"1170":0,"1171":0,"1172":0,"1173":0,"1174":0,"1175":0,"1176":0,"1177":0,"1178":0,"1179":0,"1180":0,"1181":1,"1182":1,"1183":0,"1184":0,"1185":0,"1186":0,"1187":0,"1188":0,"1189":0,"1190":0,"1191":0,"1192":0,"1193":0,"1194":0,"1195":0,"1196":0,"1197":0,"1198":0,"1199":0,"1200":0,"1201":0,"1202":0,"1203":0,"1204":0,"1205":0,"1206":0,"1207":0,"1208":1,"1209":1,"1210":0,"1211":1,"1212":1,"1213":1,"1214":0,"1215":0,"1216":1,"1217":1,"1218":1,"1219":1,"1220":1,"1221":1,"1222":1,"1223":1,"1224":1,"1225":1,"1226":1,"1227":1,"1228":1,"1229":1,"1230":1,"1231":1,"1232":1,"1233":1,"1234":1,"1235":1,"1236":1,"1237":1,"1238":1,"1239":1,"1240":1,"1241":1,"1242":1,"1243":1,"1244":1,"1245":1,"1246":1,"1247":1},"b":{"1":[1,0],"2":[1,1],"3":[0,0],"4":[0,0],"5":[0,1],"6":[0,1],"7":[0,1],"8":[0,0],"9":[0,0],"10":[0,0],"11":[0,0],"12":[0,0,0],"13":[1,0],"14":[0,0,0],"15":[0,0],"16":[0,0],"17":[0,0],"18":[0,0],"19":[0,0],"20":[0,0],"21":[0,0],"22":[0,0],"23":[0,0],"24":[0,0],"25":[0,0],"26":[0,0],"27":[0,0],"28":[0,0],"29":[0,0],"30":[0,0],"31":[0,0],"32":[0,0],"33":[0,0],"34":[0,0],"35":[0,0],"36":[0,0],"37":[0,0],"38":[0,0],"39":[0,0],"40":[0,0],"41":[0,0],"42":[0,0],"43":[0,0],"44":[0,0],"45":[0,0],"46":[0,0],"47":[0,0],"48":[0,0],"49":[0,0],"50":[0,0],"51":[0,0],"52":[0,0],"53":[0,0],"54":[1,1],"55":[0,0],"56":[0,0],"57":[0,0],"58":[0,0],"59":[0,0],"60":[0,0],"61":[0,0],"62":[0,0],"63":[0,0],"64":[0,0],"65":[0,0],"66":[0,0],"67":[0,0],"68":[0,0],"69":[0,0],"70":[0,0],"71":[0,0],"72":[0,0],"73":[0,0],"74":[0,0],"75":[0,0],"76":[0,0],"77":[0,0],"78":[0,0],"79":[0,0],"80":[0,0],"81":[0,0],"82":[0,0],"83":[0,0],"84":[0,0],"85":[0,0],"86":[0,0],"87":[0,0],"88":[0,0],"89":[0,0],"90":[0,0],"91":[0,0],"92":[0,0],"93":[0,0],"94":[0,0],"95":[0,0],"96":[0,0],"97":[0,0],"98":[0,0],"99":[0,0],"100":[0,0],"101":[0,0],"102":[0,0],"103":[0,0],"104":[0,0],"105":[0,0],"106":[0,0],"107":[0,0],"108":[0,0],"109":[0,0],"110":[0,0],"111":[0,0],"112":[0,0],"113":[0,0],"114":[0,0],"115":[0,0],"116":[0,0],"117":[0,0],"118":[0,0],"119":[0,0],"120":[0,0],"121":[0,0],"122":[0,0],"123":[0,0],"124":[0,0],"125":[0,0],"126":[0,0],"127":[0,0],"128":[0,0],"129":[0,0],"130":[0,0],"131":[0,0],"132":[0,0],"133":[0,0],"134":[0,0],"135":[0,0],"136":[0,0],"137":[0,0],"138":[0,0],"139":[0,0],"140":[0,0],"141":[0,0],"142":[0,0],"143":[0,0],"144":[0,0],"145":[0,0],"146":[0,0],"147":[0,0],"148":[0,0],"149":[0,0],"150":[0,0],"151":[0,0],"152":[0,0],"153":[0,0],"154":[0,0],"155":[0,0],"156":[0,0],"157":[0,0],"158":[0,0],"159":[0,0],"160":[0,0],"161":[0,0],"162":[0,0,0],"163":[0,0],"164":[0,0],"165":[0,0],"166":[0,0],"167":[0,0],"168":[0,0],"169":[0,0],"170":[0,0],"171":[0,0],"172":[0,0],"173":[0,0],"174":[0,0],"175":[0,0],"176":[0,0],"177":[0,0,0],"178":[0,0],"179":[0,0],"180":[0,0],"181":[0,0],"182":[0,0],"183":[0,0],"184":[0,0],"185":[0,0],"186":[0,0],"187":[0,0],"188":[0,0],"189":[0,0],"190":[0,0],"191":[0,0],"192":[0,0],"193":[0,0],"194":[0,0],"195":[0,0],"196":[0,0],"197":[0,0],"198":[0,0],"199":[0,0],"200":[0,0],"201":[0,0],"202":[0,0],"203":[0,0],"204":[0,0],"205":[0,0],"206":[0,0],"207":[0,0],"208":[0,0],"209":[0,0],"210":[0,0],"211":[0,0],"212":[0,0],"213":[0,0],"214":[0,0],"215":[0,0],"216":[0,0],"217":[0,0],"218":[0,0],"219":[0,0],"220":[0,0,0],"221":[0,0],"222":[0,0],"223":[0,0],"224":[0,0],"225":[0,0],"226":[0,0],"227":[0,0],"228":[0,0],"229":[0,0],"230":[0,0],"231":[0,0],"232":[0,0],"233":[0,0],"234":[0,0],"235":[0,0],"236":[0,0],"237":[0,0],"238":[0,0],"239":[0,0],"240":[0,0],"241":[0,0],"242":[0,0],"243":[0,0],"244":[0,0],"245":[0,0],"246":[0,0],"247":[0,0],"248":[0,0],"249":[0,0],"250":[0,0],"251":[0,0],"252":[0,0],"253":[0,0]},"f":{"1":1,"2":1,"3":8,"4":0,"5":0,"6":0,"7":0,"8":0,"9":0,"10":0,"11":0,"12":0,"13":0,"14":0,"15":0,"16":0,"17":0,"18":0,"19":0,"20":0,"21":0,"22":0,"23":0,"24":0,"25":0,"26":0,"27":0,"28":0,"29":0,"30":0,"31":0,"32":0,"33":0,"34":0,"35":0,"36":0,"37":0,"38":0,"39":0,"40":0,"41":0,"42":0,"43":0,"44":0,"45":0,"46":0,"47":0,"48":0,"49":0,"50":0,"51":0,"52":0,"53":0,"54":0,"55":0,"56":0,"57":0,"58":0,"59":0,"60":0,"61":0,"62":0,"63":0,"64":0,"65":0,"66":0,"67":0,"68":0,"69":0,"70":0,"71":0,"72":0,"73":0,"74":0,"75":0,"76":0,"77":0,"78":0,"79":0,"80":0,"81":0,"82":0,"83":0,"84":0,"85":0,"86":0,"87":0,"88":0,"89":0,"90":0,"91":0,"92":0,"93":0,"94":0,"95":0,"96":0,"97":0,"98":0,"99":0,"100":0,"101":0,"102":0,"103":0,"104":0,"105":0,"106":0,"107":0,"108":0,"109":0,"110":0,"111":0,"112":0,"113":0,"114":0,"115":0,"116":0,"117":0,"118":0,"119":0,"120":0,"121":0,"122":0,"123":0,"124":0,"125":0,"126":0,"127":0,"128":0,"129":0,"130":0,"131":0,"132":0,"133":0,"134":0,"135":0,"136":0,"137":0,"138":0,"139":0,"140":0,"141":0,"142":0,"143":0,"144":0,"145":0,"146":0,"147":0,"148":0,"149":0,"150":0,"151":0,"152":0,"153":0,"154":0,"155":0,"156":0,"157":0,"158":0,"159":0,"160":0,"161":0,"162":0,"163":0,"164":0,"165":0,"166":0,"167":0,"168":0,"169":0,"170":0,"171":0,"172":0,"173":0,"174":0,"175":0,"176":0,"177":0,"178":0,"179":0,"180":0,"181":1,"182":24,"183":0,"184":0,"185":0,"186":0,"187":0,"188":0,"189":0,"190":0,"191":0,"192":0,"193":0,"194":0,"195":0,"196":0,"197":0,"198":0,"199":0,"200":0,"201":0,"202":0,"203":0,"204":0,"205":0,"206":0,"207":0,"208":0,"209":0,"210":0,"211":0,"212":0,"213":0,"214":0,"215":0,"216":0,"217":0,"218":0,"219":0,"220":0,"221":0,"222":0,"223":0,"224":0,"225":0,"226":0,"227":0,"228":0,"229":0,"230":0,"231":0,"232":0,"233":0,"234":0,"235":0,"236":0,"237":0,"238":0,"239":0,"240":0,"241":0,"242":0,"243":0,"244":0,"245":0,"246":0,"247":0,"248":0,"249":0,"250":0,"251":0,"252":0,"253":0,"254":0,"255":0,"256":0,"257":0,"258":0,"259":0,"260":0,"261":0,"262":0,"263":0,"264":0,"265":0,"266":0,"267":0,"268":0,"269":0,"270":0,"271":0,"272":0,"273":0,"274":0,"275":0,"276":0,"277":0,"278":0,"279":0,"280":0,"281":0,"282":0,"283":0,"284":0,"285":0,"286":0,"287":0,"288":0,"289":0,"290":0,"291":0,"292":0,"293":0,"294":0,"295":0,"296":0,"297":0,"298":0},"fnMap":{"1":{"name":"(anonymous_1)","line":11,"loc":{"start":{"line":11,"column":1},"end":{"line":11,"column":28}}},"2":{"name":"(anonymous_2)","line":15,"loc":{"start":{"line":15,"column":9},"end":{"line":15,"column":37}}},"3":{"name":"proxy","line":24,"loc":{"start":{"line":24,"column":12},"end":{"line":24,"column":35}}},"4":{"name":"(anonymous_4)","line":25,"loc":{"start":{"line":25,"column":9},"end":{"line":25,"column":28}}},"5":{"name":"deprecate","line":42,"loc":{"start":{"line":42,"column":16},"end":{"line":42,"column":50}}},"6":{"name":"(anonymous_6)","line":58,"loc":{"start":{"line":58,"column":18},"end":{"line":58,"column":30}}},"7":{"name":"isNodeAttached","line":68,"loc":{"start":{"line":68,"column":21},"end":{"line":68,"column":49}}},"8":{"name":"mergeOptions","line":73,"loc":{"start":{"line":73,"column":19},"end":{"line":73,"column":56}}},"9":{"name":"(anonymous_9)","line":80,"loc":{"start":{"line":80,"column":15},"end":{"line":80,"column":30}}},"10":{"name":"getOption","line":93,"loc":{"start":{"line":93,"column":16},"end":{"line":93,"column":47}}},"11":{"name":"normalizeMethods","line":109,"loc":{"start":{"line":109,"column":23},"end":{"line":109,"column":55}}},"12":{"name":"(anonymous_12)","line":112,"loc":{"start":{"line":112,"column":24},"end":{"line":112,"column":64}}},"13":{"name":"getEventName","line":131,"loc":{"start":{"line":131,"column":0},"end":{"line":131,"column":48}}},"14":{"name":"(anonymous_14)","line":135,"loc":{"start":{"line":135,"column":32},"end":{"line":135,"column":49}}},"15":{"name":"triggerMethod$1","line":146,"loc":{"start":{"line":146,"column":0},"end":{"line":146,"column":32}}},"16":{"name":"triggerMethodOn","line":172,"loc":{"start":{"line":172,"column":0},"end":{"line":172,"column":34}}},"17":{"name":"triggerMethodChildren","line":188,"loc":{"start":{"line":188,"column":0},"end":{"line":188,"column":59}}},"18":{"name":"(anonymous_18)","line":192,"loc":{"start":{"line":192,"column":39},"end":{"line":192,"column":56}}},"19":{"name":"shouldTriggerAttach","line":200,"loc":{"start":{"line":200,"column":0},"end":{"line":200,"column":35}}},"20":{"name":"shouldAttach","line":204,"loc":{"start":{"line":204,"column":0},"end":{"line":204,"column":28}}},"21":{"name":"shouldTriggerDetach","line":212,"loc":{"start":{"line":212,"column":0},"end":{"line":212,"column":35}}},"22":{"name":"shouldDetach","line":216,"loc":{"start":{"line":216,"column":0},"end":{"line":216,"column":28}}},"23":{"name":"triggerDOMRefresh","line":224,"loc":{"start":{"line":224,"column":0},"end":{"line":224,"column":33}}},"24":{"name":"handleBeforeAttach","line":230,"loc":{"start":{"line":230,"column":0},"end":{"line":230,"column":30}}},"25":{"name":"handleAttach","line":234,"loc":{"start":{"line":234,"column":0},"end":{"line":234,"column":24}}},"26":{"name":"handleBeforeDetach","line":239,"loc":{"start":{"line":239,"column":0},"end":{"line":239,"column":30}}},"27":{"name":"handleDetach","line":243,"loc":{"start":{"line":243,"column":0},"end":{"line":243,"column":24}}},"28":{"name":"handleRender","line":247,"loc":{"start":{"line":247,"column":0},"end":{"line":247,"column":24}}},"29":{"name":"monitorViewEvents","line":253,"loc":{"start":{"line":253,"column":0},"end":{"line":253,"column":33}}},"30":{"name":"constructor","line":277,"loc":{"start":{"line":277,"column":15},"end":{"line":277,"column":54}}},"31":{"name":"captureStackTrace","line":294,"loc":{"start":{"line":294,"column":21},"end":{"line":294,"column":50}}},"32":{"name":"toString","line":299,"loc":{"start":{"line":299,"column":12},"end":{"line":299,"column":32}}},"33":{"name":"bindFromStrings","line":323,"loc":{"start":{"line":323,"column":0},"end":{"line":323,"column":67}}},"34":{"name":"(anonymous_34)","line":326,"loc":{"start":{"line":326,"column":22},"end":{"line":326,"column":44}}},"35":{"name":"iterateEvents","line":337,"loc":{"start":{"line":337,"column":0},"end":{"line":337,"column":61}}},"36":{"name":"(anonymous_36)","line":351,"loc":{"start":{"line":351,"column":19},"end":{"line":351,"column":42}}},"37":{"name":"bindEvents","line":363,"loc":{"start":{"line":363,"column":0},"end":{"line":363,"column":38}}},"38":{"name":"unbindEvents","line":368,"loc":{"start":{"line":368,"column":0},"end":{"line":368,"column":40}}},"39":{"name":"iterateReplies","line":386,"loc":{"start":{"line":386,"column":0},"end":{"line":386,"column":63}}},"40":{"name":"bindRequests","line":404,"loc":{"start":{"line":404,"column":0},"end":{"line":404,"column":41}}},"41":{"name":"unbindRequests","line":409,"loc":{"start":{"line":409,"column":0},"end":{"line":409,"column":43}}},"42":{"name":"setOptions","line":415,"loc":{"start":{"line":415,"column":17},"end":{"line":415,"column":39}}},"43":{"name":"_initRadio","line":450,"loc":{"start":{"line":450,"column":14},"end":{"line":450,"column":36}}},"44":{"name":"_destroyRadio","line":475,"loc":{"start":{"line":475,"column":17},"end":{"line":475,"column":42}}},"45":{"name":"getChannel","line":478,"loc":{"start":{"line":478,"column":14},"end":{"line":478,"column":36}}},"46":{"name":"MarionetteObject","line":504,"loc":{"start":{"line":504,"column":23},"end":{"line":504,"column":58}}},"47":{"name":"isDestroyed","line":524,"loc":{"start":{"line":524,"column":15},"end":{"line":524,"column":38}}},"48":{"name":"initialize","line":530,"loc":{"start":{"line":530,"column":14},"end":{"line":530,"column":36}}},"49":{"name":"destroy","line":531,"loc":{"start":{"line":531,"column":11},"end":{"line":531,"column":30}}},"50":{"name":"createBuffer","line":557,"loc":{"start":{"line":557,"column":16},"end":{"line":557,"column":40}}},"51":{"name":"appendChildren","line":560,"loc":{"start":{"line":560,"column":18},"end":{"line":560,"column":56}}},"52":{"name":"beforeEl","line":563,"loc":{"start":{"line":563,"column":12},"end":{"line":563,"column":43}}},"53":{"name":"replaceEl","line":566,"loc":{"start":{"line":566,"column":13},"end":{"line":566,"column":46}}},"54":{"name":"detachContents","line":579,"loc":{"start":{"line":579,"column":18},"end":{"line":579,"column":46}}},"55":{"name":"setInnerContent","line":582,"loc":{"start":{"line":582,"column":19},"end":{"line":582,"column":54}}},"56":{"name":"removeEl","line":585,"loc":{"start":{"line":585,"column":12},"end":{"line":585,"column":34}}},"57":{"name":"findEls","line":588,"loc":{"start":{"line":588,"column":11},"end":{"line":588,"column":47}}},"58":{"name":"TemplateCache","line":598,"loc":{"start":{"line":598,"column":20},"end":{"line":598,"column":55}}},"59":{"name":"get","line":611,"loc":{"start":{"line":611,"column":7},"end":{"line":611,"column":41}}},"60":{"name":"clear","line":630,"loc":{"start":{"line":630,"column":9},"end":{"line":630,"column":26}}},"61":{"name":"load","line":655,"loc":{"start":{"line":655,"column":8},"end":{"line":655,"column":31}}},"62":{"name":"loadTemplate","line":674,"loc":{"start":{"line":674,"column":16},"end":{"line":674,"column":59}}},"63":{"name":"compileTemplate","line":691,"loc":{"start":{"line":691,"column":19},"end":{"line":691,"column":66}}},"64":{"name":"_toConsumableArray","line":700,"loc":{"start":{"line":700,"column":0},"end":{"line":700,"column":33}}},"65":{"name":"getBehaviorClass","line":711,"loc":{"start":{"line":711,"column":0},"end":{"line":711,"column":40}}},"66":{"name":"parseBehaviors","line":730,"loc":{"start":{"line":730,"column":0},"end":{"line":730,"column":41}}},"67":{"name":"(anonymous_67)","line":731,"loc":{"start":{"line":731,"column":32},"end":{"line":731,"column":56}}},"68":{"name":"_initBehaviors","line":743,"loc":{"start":{"line":743,"column":18},"end":{"line":743,"column":44}}},"69":{"name":"_getBehaviors","line":746,"loc":{"start":{"line":746,"column":17},"end":{"line":746,"column":42}}},"70":{"name":"_getBehaviorTriggers","line":753,"loc":{"start":{"line":753,"column":24},"end":{"line":753,"column":56}}},"71":{"name":"_getBehaviorEvents","line":757,"loc":{"start":{"line":757,"column":22},"end":{"line":757,"column":52}}},"72":{"name":"_proxyBehaviorViewProperties","line":764,"loc":{"start":{"line":764,"column":32},"end":{"line":764,"column":72}}},"73":{"name":"_delegateBehaviorEntityEvents","line":770,"loc":{"start":{"line":770,"column":33},"end":{"line":770,"column":74}}},"74":{"name":"_undelegateBehaviorEntityEvents","line":776,"loc":{"start":{"line":776,"column":35},"end":{"line":776,"column":78}}},"75":{"name":"_destroyBehaviors","line":779,"loc":{"start":{"line":779,"column":21},"end":{"line":779,"column":54}}},"76":{"name":"_bindBehaviorUIElements","line":786,"loc":{"start":{"line":786,"column":27},"end":{"line":786,"column":62}}},"77":{"name":"_unbindBehaviorUIElements","line":789,"loc":{"start":{"line":789,"column":29},"end":{"line":789,"column":66}}},"78":{"name":"_triggerEventOnBehaviors","line":792,"loc":{"start":{"line":792,"column":28},"end":{"line":792,"column":64}}},"79":{"name":"_delegateEntityEvents","line":807,"loc":{"start":{"line":807,"column":25},"end":{"line":807,"column":75}}},"80":{"name":"_undelegateEntityEvents","line":816,"loc":{"start":{"line":816,"column":27},"end":{"line":816,"column":79}}},"81":{"name":"uniqueName","line":828,"loc":{"start":{"line":828,"column":0},"end":{"line":828,"column":41}}},"82":{"name":"getUniqueEventName","line":835,"loc":{"start":{"line":835,"column":25},"end":{"line":835,"column":64}}},"83":{"name":"isEnabled","line":847,"loc":{"start":{"line":847,"column":0},"end":{"line":847,"column":25}}},"84":{"name":"setEnabled","line":851,"loc":{"start":{"line":851,"column":0},"end":{"line":851,"column":33}}},"85":{"name":"buildViewTrigger","line":857,"loc":{"start":{"line":857,"column":0},"end":{"line":857,"column":44}}},"86":{"name":"(anonymous_86)","line":876,"loc":{"start":{"line":876,"column":9},"end":{"line":876,"column":26}}},"87":{"name":"_getViewTriggers","line":893,"loc":{"start":{"line":893,"column":20},"end":{"line":893,"column":62}}},"88":{"name":"(anonymous_88)","line":896,"loc":{"start":{"line":896,"column":30},"end":{"line":896,"column":60}}},"89":{"name":"_normalizeUIKeys","line":908,"loc":{"start":{"line":908,"column":23},"end":{"line":908,"column":59}}},"90":{"name":"(anonymous_90)","line":909,"loc":{"start":{"line":909,"column":24},"end":{"line":909,"column":50}}},"91":{"name":"_normalizeUIString","line":918,"loc":{"start":{"line":918,"column":25},"end":{"line":918,"column":67}}},"92":{"name":"(anonymous_92)","line":919,"loc":{"start":{"line":919,"column":51},"end":{"line":919,"column":64}}},"93":{"name":"_normalizeUIValues","line":927,"loc":{"start":{"line":927,"column":25},"end":{"line":927,"column":75}}},"94":{"name":"(anonymous_94)","line":928,"loc":{"start":{"line":928,"column":15},"end":{"line":928,"column":35}}},"95":{"name":"(anonymous_95)","line":934,"loc":{"start":{"line":934,"column":25},"end":{"line":934,"column":45}}},"96":{"name":"normalizeUIKeys","line":949,"loc":{"start":{"line":949,"column":19},"end":{"line":949,"column":50}}},"97":{"name":"normalizeUIString","line":957,"loc":{"start":{"line":957,"column":21},"end":{"line":957,"column":58}}},"98":{"name":"normalizeUIValues","line":965,"loc":{"start":{"line":965,"column":21},"end":{"line":965,"column":66}}},"99":{"name":"_getUIBindings","line":969,"loc":{"start":{"line":969,"column":18},"end":{"line":969,"column":44}}},"100":{"name":"_bindUIElements","line":978,"loc":{"start":{"line":978,"column":19},"end":{"line":978,"column":46}}},"101":{"name":"(anonymous_101)","line":998,"loc":{"start":{"line":998,"column":21},"end":{"line":998,"column":46}}},"102":{"name":"_unbindUIElements","line":1004,"loc":{"start":{"line":1004,"column":21},"end":{"line":1004,"column":50}}},"103":{"name":"(anonymous_103)","line":1012,"loc":{"start":{"line":1012,"column":20},"end":{"line":1012,"column":41}}},"104":{"name":"_getUI","line":1021,"loc":{"start":{"line":1021,"column":10},"end":{"line":1021,"column":32}}},"105":{"name":"isDestroyed","line":1046,"loc":{"start":{"line":1046,"column":15},"end":{"line":1046,"column":38}}},"106":{"name":"isRendered","line":1053,"loc":{"start":{"line":1053,"column":14},"end":{"line":1053,"column":36}}},"107":{"name":"isAttached","line":1060,"loc":{"start":{"line":1060,"column":14},"end":{"line":1060,"column":36}}},"108":{"name":"delegateEvents","line":1067,"loc":{"start":{"line":1067,"column":18},"end":{"line":1067,"column":53}}},"109":{"name":"_getEvents","line":1084,"loc":{"start":{"line":1084,"column":14},"end":{"line":1084,"column":45}}},"110":{"name":"getTriggers","line":1097,"loc":{"start":{"line":1097,"column":15},"end":{"line":1097,"column":38}}},"111":{"name":"delegateEntityEvents","line":1112,"loc":{"start":{"line":1112,"column":24},"end":{"line":1112,"column":56}}},"112":{"name":"undelegateEntityEvents","line":1123,"loc":{"start":{"line":1123,"column":26},"end":{"line":1123,"column":60}}},"113":{"name":"destroy","line":1134,"loc":{"start":{"line":1134,"column":11},"end":{"line":1134,"column":30}}},"114":{"name":"bindUIElements","line":1173,"loc":{"start":{"line":1173,"column":18},"end":{"line":1173,"column":44}}},"115":{"name":"unbindUIElements","line":1182,"loc":{"start":{"line":1182,"column":20},"end":{"line":1182,"column":48}}},"116":{"name":"getUI","line":1188,"loc":{"start":{"line":1188,"column":9},"end":{"line":1188,"column":30}}},"117":{"name":"triggerMethod","line":1199,"loc":{"start":{"line":1199,"column":17},"end":{"line":1199,"column":42}}},"118":{"name":"_buildEventProxies","line":1209,"loc":{"start":{"line":1209,"column":22},"end":{"line":1209,"column":52}}},"119":{"name":"_proxyChildViewEvents","line":1213,"loc":{"start":{"line":1213,"column":25},"end":{"line":1213,"column":62}}},"120":{"name":"_childViewEventHandler","line":1216,"loc":{"start":{"line":1216,"column":26},"end":{"line":1216,"column":69}}},"121":{"name":"destroyBackboneView","line":1249,"loc":{"start":{"line":1249,"column":0},"end":{"line":1249,"column":35}}},"122":{"name":"constructor","line":1284,"loc":{"start":{"line":1284,"column":15},"end":{"line":1284,"column":45}}},"123":{"name":"show","line":1310,"loc":{"start":{"line":1310,"column":8},"end":{"line":1310,"column":37}}},"124":{"name":"_setupChildView","line":1339,"loc":{"start":{"line":1339,"column":19},"end":{"li
[...]
roxy behavior $ method to the view","  // this is useful for doing jquery DOM lookups","  // scoped to behaviors view.","  $: function $() {","    return this.view.$.apply(this.view, arguments);","  },","","","  // Stops the behavior from listening to events.","  // Overrides Object#destroy to prevent additional events from being triggered.","  destroy: function destroy() {","    this.stopListening();","","    return this;","  },","  proxyViewProperties: function proxyViewProperties() {","    this.$el = this.view.$el;","    this.el = this.view.el;","","    return this;","  },","  bindUIElements: function bindUIElements() {","    this._bindUIElements();","","    return this;","  },","  unbindUIElements: function unbindUIElements() {","    this._unbindUIElements();","","    return this;","  },","  getUI: function getUI(name) {","    return this._getUI(name);","  },","","","  // Handle `modelEvents`, and `collectionEvents` configuration","  delegateEntityEvents: function delegateEntityEvents() {","    this._delegateEntityEvents(this.view.model, this.view.collection);","","    return this;","  },","  undelegateEntityEvents: function undelegateEntityEvents() {","    this._undelegateEntityEvents(this.view.model, this.view.collection);","","    return this;","  },","  getEvents: function getEvents() {","    var _this = this;","","    // Normalize behavior events hash to allow","    // a user to use the @ui. syntax.","    var behaviorEvents = this.normalizeUIKeys(_.result(this, 'events'));","","    // binds the handler to the behavior and builds a unique eventName","    return _.reduce(behaviorEvents, function (events, behaviorHandler, key) {","      if (!_.isFunction(behaviorHandler)) {","        behaviorHandler = _this[behaviorHandler];","      }","      if (!behaviorHandler) {","        return;","      }","      key = getUniqueEventName(key);","      events[key] = _.bind(behaviorHandler, _this);","      return events;","    }, {});","  },","","","  // Internal method to build all trigger handlers for a given behavior","  getTriggers: function getTriggers() {","    if (!this.triggers) {","      return;","    }","","    // Normalize behavior triggers hash to allow","    // a user to use the @ui. syntax.","    var behaviorTriggers = this.normalizeUIKeys(_.result(this, 'triggers'));","","    return this._getViewTriggers(this.view, behaviorTriggers);","  }","});","","_.extend(Behavior.prototype, DelegateEntityEventsMixin, TriggersMixin, UIMixin);","","// Application","// -----------","var ClassOptions$6 = ['region', 'regionClass'];","","// A container for a Marionette application.","var Application = MarionetteObject.extend({","  cidPrefix: 'mna',","","  constructor: function constructor(options) {","    this._setOptions(options);","","    this.mergeOptions(options, ClassOptions$6);","","    this._initRegion();","","    MarionetteObject.prototype.constructor.apply(this, arguments);","  },","","","  regionClass: Region,","","  _initRegion: function _initRegion() {","    var region = this.region;","","    if (!region) {","      return;","    }","","    var defaults = {","      regionClass: this.regionClass","    };","","    this._region = buildRegion(region, defaults);","  },","  getRegion: function getRegion() {","    return this._region;","  },","  showView: function showView(view) {","    var region = this.getRegion();","","    for (var _len = arguments.length, args = Array(_len > 1 ? _len - 1 : 0), _key = 1; _key < _len; _key++) {","      args[_key - 1] = arguments[_key];","    }","","    return region.show.apply(region, [view].concat(args));","  },","  getView: function getView() {","    return this.getRegion().currentView;","  },","","","  // kick off all of the application's processes.","  start: function start(options) {","    this.triggerMethod('before:start', this, options);","    this.triggerMethod('start', this, options);","    return this;","  }","});","","// App Router","// ----------","","// Reduce the boilerplate code of handling route events","// and then calling a single method on another object,","// called a controller.","// Have your routers configured to call the method on","// your controller, directly.","//","// Configure an AppRouter with `appRoutes`.","//","// App routers can only take one `controller` object.","// It is recommended that you divide your controller","// objects in to smaller pieces of related functionality","// and have multiple routers / controllers, instead of","// just one giant router and controller.","//","// You can also add standard routes to an AppRouter.","","var ClassOptions$7 = ['appRoutes', 'controller'];","","var AppRouter = Backbone.Router.extend({","  constructor: function constructor(options) {","    this._setOptions(options);","","    this.mergeOptions(options, ClassOptions$7);","","    Backbone.Router.apply(this, arguments);","","    var appRoutes = this.appRoutes;","    var controller = this._getController();","    this.processAppRoutes(controller, appRoutes);","    this.on('route', this._processOnRoute, this);","  },","","","  // Similar to route method on a Backbone Router but","  // method is called on the controller","  appRoute: function appRoute(route, methodName) {","    var controller = this._getController();","    this._addAppRoute(controller, route, methodName);","    return this;","  },","","","  // process the route event and trigger the onRoute","  // method call, if it exists","  _processOnRoute: function _processOnRoute(routeName, routeArgs) {","    // make sure an onRoute before trying to call it","    if (_.isFunction(this.onRoute)) {","      // find the path that matches the current route","      var routePath = _.invert(this.appRoutes)[routeName];","      this.onRoute(routeName, routePath, routeArgs);","    }","  },","","","  // Internal method to process the `appRoutes` for the","  // router, and turn them in to routes that trigger the","  // specified method on the specified `controller`.","  processAppRoutes: function processAppRoutes(controller, appRoutes) {","    var _this = this;","","    if (!appRoutes) {","      return this;","    }","","    var routeNames = _.keys(appRoutes).reverse(); // Backbone requires reverted order of routes","","    _.each(routeNames, function (route) {","      _this._addAppRoute(controller, route, appRoutes[route]);","    });","","    return this;","  },","  _getController: function _getController() {","    return this.controller;","  },","  _addAppRoute: function _addAppRoute(controller, route, methodName) {","    var method = controller[methodName];","","    if (!method) {","      throw new MarionetteError('Method \"' + methodName + '\" was not found on the controller');","    }","","    this.route(route, methodName, _.bind(method, controller));","  },","","","  triggerMethod: triggerMethod$1","});","","_.extend(AppRouter.prototype, CommonMixin);","","// Placeholder method to be extended by the user.","// The method should define the object that stores the behaviors.","// i.e.","//","// ```js","// Marionette.Behaviors.behaviorsLookup: function() {","//   return App.Behaviors","// }","// ```","function behaviorsLookup() {","  throw new MarionetteError({","    message: 'You must define where your behaviors are stored.',","    url: 'marionette.behaviors.md#behaviorslookup'","  });","}","","var previousMarionette = Backbone.Marionette;","var Marionette = Backbone.Marionette = {};","","// This allows you to run multiple instances of Marionette on the same","// webapp. After loading the new version, call `noConflict()` to","// get a reference to it. At the same time the old version will be","// returned to Backbone.Marionette.","Marionette.noConflict = function () {","  Backbone.Marionette = previousMarionette;","  return this;","};","","// Utilities","Marionette.bindEvents = proxy(bindEvents);","Marionette.unbindEvents = proxy(unbindEvents);","Marionette.bindRequests = proxy(bindRequests);","Marionette.unbindRequests = proxy(unbindRequests);","Marionette.mergeOptions = proxy(mergeOptions);","Marionette.getOption = proxy(getOption);","Marionette.normalizeMethods = proxy(normalizeMethods);","Marionette.extend = extend;","Marionette.isNodeAttached = isNodeAttached;","Marionette.deprecate = deprecate;","Marionette.triggerMethod = proxy(triggerMethod$1);","Marionette.triggerMethodOn = triggerMethodOn;","Marionette.isEnabled = isEnabled;","Marionette.setEnabled = setEnabled;","Marionette.monitorViewEvents = monitorViewEvents;","","Marionette.Behaviors = {};","Marionette.Behaviors.behaviorsLookup = behaviorsLookup;","","// Classes","Marionette.Application = Application;","Marionette.AppRouter = AppRouter;","Marionette.Renderer = Renderer;","Marionette.TemplateCache = TemplateCache;","Marionette.View = View;","Marionette.CollectionView = CollectionView;","Marionette.CompositeView = CompositeView;","Marionette.Behavior = Behavior;","Marionette.Region = Region;","Marionette.Error = MarionetteError;","Marionette.Object = MarionetteObject;","","// Configuration","Marionette.DEV_MODE = false;","Marionette.FEATURES = FEATURES;","Marionette.VERSION = version;","","return Marionette;","","})));","","//# sourceMappingURL=backbone.marionette.js.map",""],"l":{"11":1,"12":1,"17":1,"18":1,"19":1,"21":1,"24":1,"25":8,"26":0,"27":0,"30":0,"38":1,"42":1,"43":0,"44":0,"47":0,"48":0,"51":0,"52":0,"53":0,"57":1,"58":1,"59":0,"60":0,"62":1,"68":1,"69":0,"73":1,"74":0,"76":0,"77":0,"80":0,"81":0,"82":0,"83":0,"93":1,"94":0,"95":0,"97":0,"98":0,"100":0,"109":1,"110":0,"112":0,"113":0,"114":0,"116":0,"117":0,"119":0,"127":1,"131":1,"132":0,"135":1,"136":0,"146":1,"147":0,"148":0,"152":0,"153":0,"154":0,"157":0,"159":0,"163":0,"165":0,"172":1,"173":0,"174":0,"177":0,"178":0,"181":0,"188":1,"189":0,"190":0,"192":0,"193":0,"194":0,"196":0,"200":1,"201":0,"204":1,"205":0,"206":0,"208":0,"209":0,"212":1,"213":0,"216":1,"217":0,"218":0,"220":0,"221":0,"224":1,"225":0,"226":0,"230":1,"231":0,"234":1,"235":0,"236":0,"239":1,"240":0,"243":1,"244":0,"247":1,"248":0,"253":1,"254":0,"255":0,"258":0,"260":0,"272":1,"274":1,"278":0,"279":0,"280":0,"281":0,"282":0,"285":0,"286":0,"288":0,"290":0,"291":0,"295":0,"296":0,"300":0,"304":1,"323":1,"324":0,"326":0,"327":0,"328":0,"329":0,"332":0,"337":1,"338":0,"339":0,"343":0,"344":0,"351":0,"354":0,"355":0,"356":0,"359":0,"363":1,"364":0,"365":0,"368":1,"369":0,"370":0,"386":1,"387":0,"388":0,"392":0,"393":0,"399":0,"401":0,"404":1,"405":0,"406":0,"409":1,"410":0,"411":0,"415":1,"416":0,"417":0,"420":0,"423":1,"449":1,"451":0,"453":0,"454":0,"458":1,"459":1,"465":0,"467":0,"468":0,"470":0,"471":0,"473":0,"476":0,"479":0,"500":1,"504":1,"505":0,"506":0,"507":0,"508":0,"509":0,"512":1,"518":1,"525":0,"532":0,"533":0,"536":0,"537":0,"540":0,"542":0,"543":0,"544":0,"546":0,"556":1,"558":0,"561":0,"564":0,"567":0,"568":0,"571":0,"573":0,"574":0,"577":0,"580":0,"583":0,"586":0,"589":0,"598":1,"599":0,"605":1,"612":0,"614":0,"615":0,"616":0,"619":0,"631":0,"633":0,"634":0,"637":0,"639":0,"640":0,"641":0,"644":0,"652":1,"657":0,"658":0,"662":0,"663":0,"665":0,"675":0,"677":0,"678":0,"683":0,"692":0,"698":1,"700":1,"711":1,"712":0,"713":0,"715":0,"716":0,"720":0,"721":0,"724":0,"730":1,"731":0,"732":0,"734":0,"735":0,"736":0,"738":0,"742":1,"744":0,"747":0,"751":0,"754":0,"755":0,"758":0,"759":0,"765":0,"771":0,"777":0,"784":0,"787":0,"790":0,"793":0,"795":0,"796":0,"805":1,"808":0,"810":0,"811":0,"813":0,"814":0,"817":0,"818":0,"820":0,"821":0,"826":1,"828":1,"829":0,"835":1,"836":0,"837":0,"842":1,"847":1,"848":0,"851":1,"852":0,"857":1,"858":0,"859":0,"862":0,"864":0,"866":0,"867":0,"870":0,"872":0,"873":0,"876":0,"877":0,"878":0,"881":0,"882":0,"885":0,"889":1,"896":0,"897":0,"898":0,"899":0,"908":1,"909":0,"910":0,"911":0,"912":0,"918":1,"919":0,"920":0,"927":1,"928":0,"929":0,"930":0,"931":0,"932":0,"934":0,"935":0,"936":0,"937":0,"942":0,"945":1,"950":0,"951":0,"958":0,"959":0,"966":0,"967":0,"970":0,"971":0,"972":0,"979":0,"981":0,"982":0,"987":0,"988":0,"992":0,"995":0,"998":0,"999":0,"1002":0,"1005":0,"1007":0,"1008":0,"1012":0,"1013":0,"1017":0,"1018":0,"1019":0,"1022":0,"1040":1,"1047":0,"1054":0,"1061":0,"1069":0,"1070":0,"1072":0,"1074":0,"1075":0,"1078":0,"1080":0,"1082":0,"1085":0,"1087":0,"1088":0,"1091":0,"1098":0,"1099":0,"1103":0,"1107":0,"1113":0,"1116":0,"1118":0,"1124":0,"1127":0,"1129":0,"1135":0,"1136":0,"1138":0,"1140":0,"1141":0,"1144":0,"1145":0,"1146":0,"1150":0,"1153":0,"1155":0,"1156":0,"1157":0,"1161":0,"1163":0,"1165":0,"1166":0,"1167":0,"1169":0,"1171":0,"1174":0,"1175":0,"1177":0,"1183":0,"1184":0,"1186":0,"1189":0,"1200":0,"1202":0,"1204":0,"1210":0,"1211":0,"1214":0,"1217":0,"1221":0,"1222":0,"1225":0,"1226":0,"1230":0,"1233":0,"1234":0,"1237":0,"1239":0,"1240":0,"1242":0,"1247":1,"1249":1,"1250":0,"1251":0,"1254":0,"1256":0,"1257":0,"1260":0,"1262":0,"1263":0,"1264":0,"1267":0,"1269":0,"1270":0,"1277":1,"1279":1,"1285":0,"1287":0,"1290":0,"1293":0,"1295":0,"1296":0,"1302":0,"1303":0,"1311":0,"1312":0,"1315":0,"1317":0,"1318":0,"1321":0,"1324":0,"1325":0,"1328":0,"1330":0,"1332":0,"1334":0,"1336":0,"1337":0,"1340":0,"1342":0,"1347":0,"1350":0,"1352":0,"1353":0,"1356":0,"1359":0,"1360":0,"1363":0,"1364":0,"1367":0,"1369":0,"1370":0,"1371":0,"1375":0,"1377":0,"1378":0,"1380":0,"1381":0,"1384":0,"1385":0,"1387":0,"1390":0,"1391":0,"1392":0,"1396":0,"1398":0,"1399":0,"1400":0,"1403":0,"1404":0,"1406":0,"1407":0,"1409":0,"1412":0,"1415":0,"1416":0,"1422":0,"1423":0,"1429":0,"1430":0,"1433":0,"1435":0,"1442":0,"1443":0,"1446":0,"1447":0,"1450":0,"1451":0,"1454":0,"1461":0,"1465":0,"1467":0,"1469":0,"1471":0,"1478":0,"1479":0,"1482":0,"1484":0,"1485":0,"1488":0,"1490":0,"1496":0,"1503":0,"1510":0,"1512":0,"1515":0,"1516":0,"1517":0,"1519":0,"1522":0,"1524":0,"1525":0,"1528":0,"1529":0,"1532":0,"1533":0,"1535":0,"1537":0,"1539":0,"1540":0,"1541":0,"1544":0,"1547":0,"1549":0,"1550":0,"1553":0,"1556":0,"1557":0,"1558":0,"1561":0,"1562":0,"1564":0,"1568":0,"1570":0,"1571":0,"1574":0,"1576":0,"1579":0,"1580":0,"1581":0,"1584":0,"1586":0,"1587":0,"1588":0,"1595":0,"1602":0,"1610":0,"1612":0,"1613":0,"1616":0,"1617":0,"1620":0,"1621":0,"1625":1,"1628":1,"1629":0,"1630":0,"1633":0,"1636":1,"1637":0,"1639":0,"1640":0,"1642":0,"1645":0,"1646":0,"1648":0,"1651":0,"1652":0,"1653":0,"1656":0,"1658":0,"1661":0,"1667":1,"1668":0,"1670":0,"1672":0,"1679":1,"1687":0,"1688":0,"1690":0,"1697":0,"1703":0,"1704":0,"1705":0,"1712":0,"1713":0,"1718":0,"1721":0,"1723":0,"1729":0,"1731":0,"1736":0,"1737":0,"1738":0,"1739":0,"1743":0,"1745":0,"1747":0,"1749":0,"1755":0,"1757":0,"1759":0,"1765":0,"1767":0,"1769":0,"1772":0,"1774":0,"1776":0,"1777":0,"1779":0,"1786":0,"1787":0,"1788":0,"1796":0,"1804":0,"1810":0,"1813":0,"1815":0,"1816":0,"1819":0,"1822":0,"1825":0,"1834":1,"1841":0,"1842":0,"1848":0,"1850":0,"1857":1,"1861":1,"1863":0,"1865":0,"1867":0,"1869":0,"1871":0,"1872":0,"1874":0,"1875":0,"1876":0,"1878":0,"1885":0,"1886":0,"1890":0,"1891":0,"1896":0,"1907":0,"1908":0,"1910":0,"1917":0,"1918":0,"1920":0,"1921":0,"1930":0,"1932":0,"1934":0,"1935":0,"1936":0,"1939":0,"1940":0,"1943":0,"1955":0,"1956":0,"1959":0,"1963":0,"1964":0,"1967":0,"1968":0,"1970":0,"1971":0,"1973":0,"1980":0,"1983":0,"1984":0,"1988":0,"1991":0,"1992":0,"2001":0,"2011":0,"2013":0,"2014":0,"2031":0,"2033":0,"2039":0,"2042":0,"2046":1,"2053":1,"2055":1,"2056":1,"2057":24,"2058":0,"2059":0,"2060":0,"2067":1,"2068":0,"2069":0,"2070":0,"2071":0,"2073":0,"2076":1,"2081":1,"2088":0,"2096":0,"2099":0,"2102":0,"2103":0,"2107":0,"2108":0,"2111":0,"2118":0,"2126":0,"2127":0,"2133":0,"2134":0,"2141":0,"2147":0,"2153":0,"2161":0,"2164":0,"2165":0,"2169":0,"2170":0,"2171":0,"2172":0,"2177":0,"2179":0,"2185":0,"2187":0,"2194":1,"2198":1,"2211":0,"2213":0,"2215":0,"2217":0,"2219":0,"2220":0,"2221":0,"2222":0,"2224":0,"2225":0,"2226":0,"2228":0,"2235":0,"2238":0,"2239":0,"2241":0,"2243":0,"2244":0,"2247":0,"2249":0,"2250":0,"2251":0,"2254":0,"2257":0,"2263":0,"2264":0,"2265":0,"2266":0,"2268":0,"2269":0,"2278":0,"2281":0,"2282":0,"2285":0,"2286":0,"2287":0,"2294":0,"2295":0,"2307":0,"2309":0,"2310":0,"2313":0,"2316":0,"2318":0,"2319":0,"2327":0,"2330":0,"2331":0,"2333":0,"2334":0,"2337":0,"2339":0,"2341":0,"2345":0,"2347":0,"2348":0,"2349":0,"2351":0,"2354":0,"2355":0,"2363":0,"2365":0,"2367":0,"2368":0,"2371":0,"2378":0,"2379":0,"2381":0,"2382":0,"2383":0,"2384":0,"2385":0,"2392":0,"2395":0,"2396":0,"2397":0,"2399":0,"2400":0,"2401":0,"2402":0,"2403":0,"2405":0,"2408":0,"2414":0,"2420":0,"2422":0,"2423":0,"2424":0,"2425":0,"2426":0,"2428":0,"2431":0,"2432":0,"2435":0,"2443":0,"2445":0,"2446":0,"2448":0,"2449":0,"2452":0,"2453":0,"2458":0,"2459":0,"2461":0,"2463":0,"2467":0,"2468":0,"2470":0,"2471":0,"2472":0,"2475":0,"2477":0,"2479":0,"2482":0,"2486":0,"2489":0,"2491":0,"2494":0,"2501":0,"2502":0,"2504":0,"2506":0,"2513":0,"2515":0,"2518":0,"2519":0,"2520":0,"2523":0,"2524":0,"2535":0,"2542":0,"2543":0,"2544":0,"2547":0,"2548":0,"2549":0,"2551":0,"2552":0,"2553":0,"2554":0,"2555":0,"2559":0,"2560":0,"2561":0,"2562":0,"2565":0,"2568":0,"2570":0,"2571":0,"2578":0,"2579":0,"2585":0,"2586":0,"2589":0,"2590":0,"2591":0,"2593":0,"2594":0,"2596":0,"2597":0,"2598":0,"2600":0,"2601":0,"2602":0,"2607":0,"2609":0,"2612":0,"2618":0,"2620":0,"2621":0,"2622":0,"2625":0,"2628":0,"2629":0,"2630":0,"2632":0,"2633":0,"2635":0,"2643":0,"2645":0,"2646":0,"2648":0,"2649":0,"2650":0,"2651":0,"2654":0,"2656":0,"2657":0,"2658":0,"2666":0,"2667":0,"2669":0,"2670":0,"2672":0,"2679":0,"2681":0,"2682":0,"2685":0,"2694":0,"2696":0,"2697":0,"2703":0,"2705":0,"2706":0,"2712":0,"2719":0,"2720":0,"2721":0,"2722":0,"2729":0,"2730":0,"2732":0,"2735":0,"2736":0,"2739":0,"2747":0,"2748":0,"2751":0,"2753":0,"2756":0,"2757":0,"2760":0,"2762":0,"2764":0,"2766":0,"2773":0,"2774":0,"2777":0,"2778":0,"2779":0,"2782":0,"2785":0,"2787":0,"2789":0,"2790":0,"2791":0,"2797":0,"2798":0,"2801":0,"2802":0,"2805":0,"2807":0,"2808":0,"2809":0,"2815":0,"2817":0,"2818":0,"2821":0,"2823":0,"2824":0,"2825":0,"2832":0,"2833":0,"2840":0,"2841":0,"2844":0,"2845":0,"2847":0,"2848":0,"2854":0,"2855":0,"2856":0,"2858":0,"2859":0,"2861":0,"2867":0,"2873":0,"2875":0,"2876":0,"2877":0,"2879":0,"2886":0,"2890":0,"2895":0,"2896":0,"2904":0,"2905":0,"2906":0,"2908":0,"2909":0,"2913":0,"2914":0,"2915":0,"2918":0,"2924":0,"2930":0,"2936":0,"2942":0,"2943":0,"2946":0,"2947":0,"2948":0,"2949":0,"2959":0,"2960":0,"2964":1,"2969":1,"2974":1,"2982":0,"2984":0,"2986":0,"2998":0,"2999":0,"3000":0,"3001":0,"3003":0,"3004":0,"3016":0,"3022":0,"3023":0,"3026":0,"3028":0,"3029":0,"3035":0,"3041":0,"3047":0,"3048":0,"3050":0,"3051":0,"3053":0,"3055":0,"3056":0,"3057":0,"3059":0,"3060":0,"3061":0,"3062":0,"3065":0,"3066":0,"3073":0,"3074":0,"3082":0,"3083":0,"3091":0,"3092":0,"3099":0,"3100":0,"3103":0,"3104":0,"3105":0,"3107":0,"3109":0,"3110":0,"3112":0,"3115":0,"3116":0,"3122":0,"3125":0,"3126":0,"3132":0,"3133":0,"3140":1,"3141":1,"3151":1,"3153":1,"3161":0,"3162":0,"3163":0,"3164":0,"3174":0,"3176":0,"3184":0,"3191":0,"3193":0,"3196":0,"3197":0,"3199":0,"3202":0,"3204":0,"3207":0,"3209":0,"3212":0,"3218":0,"3220":0,"3223":0,"3225":0,"3228":0,"3232":0,"3235":0,"3236":0,"3237":0,"3239":0,"3240":0,"3242":0,"3243":0,"3244":0,"3251":0,"3252":0,"3257":0,"3259":0,"3263":1,"3267":1,"3270":1,"3274":0,"3276":0,"3278":0,"3280":0,"3287":0,"3289":0,"3290":0,"3293":0,"3297":0,"3300":0,"3303":0,"3305":0,"3306":0,"3309":0,"3312":0,"3318":0,"3319":0,"3320":0,"3343":1,"3345":1,"3347":0,"3349":0,"3351":0,"3353":0,"3354":0,"3355":0,"3356":0,"3363":0,"3364":0,"3365":0,"3373":0,"3375":0,"3376":0,"3385":0,"3387":0,"3388":0,"3391":0,"3393":0,"3394":0,"3397":0,"3400":0,"3403":0,"3405":0,"3406":0,"3409":0,"3416":1,"3427":1,"3428":0,"3434":1,"3435":1,"3441":1,"3442":0,"3443":0,"3447":1,"3448":1,"3449":1,"3450":1,"3451":1,"3452":1,"3453":1,"3454":1,"3455":1,"3456":1,"3457":1,"3458":1,"3459":1,"3460":1,"3461":1,"3463":1,"3464":1,"3467":1,"3468":1,"3469":1,"3470":1,"3471":1,"3472":1,"3473":1,"3474":1,"3475":1,"3476":1,"3477":1,"3480":1,"3481":1,"3482":1,"3484":1}}}